TN:
SF:db.js
FN:49,testConnection
FN:78,query
FN:92,(anonymous_2)
FN:163,getConnection
FN:176,transaction
FN:210,queryWithConnection
FN:216,(anonymous_6)
FNF:7
FNH:1
FNDA:0,testConnection
FNDA:4,query
FNDA:0,(anonymous_2)
FNDA:0,getConnection
FNDA:0,transaction
FNDA:0,queryWithConnection
FNDA:0,(anonymous_6)
DA:5,3
DA:8,3
DA:10,3
DA:15,3
DA:17,3
DA:19,0
DA:20,0
DA:22,0
DA:27,0
DA:30,3
DA:31,3
DA:33,3
DA:44,3
DA:45,3
DA:50,0
DA:51,0
DA:52,0
DA:53,0
DA:55,0
DA:56,0
DA:58,0
DA:59,0
DA:60,0
DA:66,0
DA:67,0
DA:68,0
DA:79,4
DA:81,4
DA:83,4
DA:85,4
DA:86,4
DA:88,4
DA:91,0
DA:92,0
DA:95,0
DA:97,0
DA:98,0
DA:99,0
DA:103,0
DA:106,0
DA:107,0
DA:109,0
DA:111,0
DA:114,4
DA:115,0
DA:118,0
DA:119,0
DA:123,0
DA:126,0
DA:127,0
DA:128,0
DA:136,0
DA:145,0
DA:146,0
DA:151,0
DA:153,4
DA:154,4
DA:158,4
DA:164,0
DA:165,0
DA:167,0
DA:177,0
DA:179,0
DA:180,0
DA:181,0
DA:183,0
DA:186,0
DA:188,0
DA:189,0
DA:191,0
DA:194,0
DA:196,0
DA:197,0
DA:199,0
DA:201,0
DA:203,0
DA:211,0
DA:212,0
DA:214,0
DA:215,0
DA:216,0
DA:219,0
DA:220,0
DA:221,0
DA:222,0
DA:226,0
DA:229,0
DA:230,0
DA:233,0
DA:235,0
DA:236,0
DA:240,3
LF:92
LH:21
BRDA:10,0,0,3
BRDA:10,0,1,0
BRDA:10,0,2,0
BRDA:17,1,0,0
BRDA:17,1,1,3
BRDA:24,2,0,0
BRDA:24,2,1,0
BRDA:34,3,0,3
BRDA:34,3,1,0
BRDA:35,4,0,3
BRDA:35,4,1,0
BRDA:36,5,0,3
BRDA:36,5,1,3
BRDA:37,6,0,3
BRDA:37,6,1,0
BRDA:38,7,0,3
BRDA:38,7,1,0
BRDA:52,8,0,0
BRDA:52,8,1,0
BRDA:78,9,0,0
BRDA:88,10,0,0
BRDA:88,10,1,4
BRDA:95,11,0,0
BRDA:95,11,1,0
BRDA:95,12,0,0
BRDA:95,12,1,0
BRDA:98,13,0,0
BRDA:98,13,1,0
BRDA:106,14,0,0
BRDA:106,14,1,0
BRDA:106,15,0,0
BRDA:106,15,1,0
BRDA:106,15,2,0
BRDA:118,16,0,0
BRDA:118,16,1,0
BRDA:118,17,0,0
BRDA:118,17,1,0
BRDA:118,17,2,0
BRDA:126,18,0,0
BRDA:126,18,1,0
BRDA:136,19,0,0
BRDA:136,19,1,0
BRDA:136,20,0,0
BRDA:136,20,1,0
BRDA:136,20,2,0
BRDA:136,20,3,0
BRDA:136,20,4,0
BRDA:136,20,5,0
BRDA:136,20,6,0
BRDA:136,20,7,0
BRDA:136,20,8,0
BRDA:164,21,0,0
BRDA:164,21,1,0
BRDA:180,22,0,0
BRDA:180,22,1,0
BRDA:188,23,0,0
BRDA:188,23,1,0
BRDA:196,24,0,0
BRDA:196,24,1,0
BRDA:210,25,0,0
BRDA:214,26,0,0
BRDA:214,26,1,0
BRDA:219,27,0,0
BRDA:219,27,1,0
BRDA:219,28,0,0
BRDA:219,28,1,0
BRDA:221,29,0,0
BRDA:221,29,1,0
BRDA:229,30,0,0
BRDA:229,30,1,0
BRDA:229,31,0,0
BRDA:229,31,1,0
BRDA:229,31,2,0
BRF:73
BRH:9
end_of_record
TN:
SF:cache\cacheConfig.js
FN:40,getTTL
FN:57,shouldCache
FN:65,getConfig
FNF:3
FNH:0
FNDA:0,getTTL
FNDA:0,shouldCache
FNDA:0,getConfig
DA:6,0
DA:12,0
DA:41,0
DA:44,0
DA:45,0
DA:46,0
DA:49,0
DA:58,0
DA:59,0
DA:66,0
DA:73,0
LF:11
LH:0
BRDA:14,0,0,0
BRDA:14,0,1,0
BRDA:15,1,0,0
BRDA:15,1,1,0
BRDA:18,2,0,0
BRDA:18,2,1,0
BRDA:21,3,0,0
BRDA:21,3,1,0
BRDA:24,4,0,0
BRDA:24,4,1,0
BRDA:25,5,0,0
BRDA:25,5,1,0
BRDA:26,6,0,0
BRDA:26,6,1,0
BRDA:41,7,0,0
BRDA:41,7,1,0
BRDA:44,8,0,0
BRDA:44,8,1,0
BRDA:69,9,0,0
BRDA:69,9,1,0
BRF:20
BRH:0
end_of_record
TN:
SF:cache\cacheKeys.js
FN:9,buildKey
FN:11,(anonymous_1)
FN:12,(anonymous_2)
FN:23,(anonymous_3)
FN:39,(anonymous_4)
FN:46,(anonymous_5)
FN:68,(anonymous_6)
FN:87,(anonymous_7)
FN:106,(anonymous_8)
FN:113,(anonymous_9)
FN:134,(anonymous_10)
FN:141,(anonymous_11)
FN:148,(anonymous_12)
FN:155,(anonymous_13)
FN:173,generateETag
FNF:15
FNH:0
FNDA:0,buildKey
FNDA:0,(anonymous_1)
FNDA:0,(anonymous_2)
FNDA:0,(anonymous_3)
FNDA:0,(anonymous_4)
FNDA:0,(anonymous_5)
FNDA:0,(anonymous_6)
FNDA:0,(anonymous_7)
FNDA:0,(anonymous_8)
FNDA:0,(anonymous_9)
FNDA:0,(anonymous_10)
FNDA:0,(anonymous_11)
FNDA:0,(anonymous_12)
FNDA:0,(anonymous_13)
FNDA:0,generateETag
DA:10,0
DA:11,0
DA:12,0
DA:19,0
DA:24,0
DA:25,0
DA:40,0
DA:47,0
DA:64,0
DA:69,0
DA:83,0
DA:88,0
DA:102,0
DA:107,0
DA:114,0
DA:130,0
DA:135,0
DA:142,0
DA:149,0
DA:156,0
DA:174,0
DA:175,0
DA:176,0
DA:177,0
DA:180,0
LF:25
LH:0
BRDA:11,0,0,0
BRDA:11,0,1,0
BRDA:23,1,0,0
BRDA:24,2,0,0
BRDA:24,3,0,0
BRDA:24,4,0,0
BRDA:28,5,0,0
BRDA:28,5,1,0
BRDA:29,6,0,0
BRDA:29,6,1,0
BRDA:39,7,0,0
BRDA:46,8,0,0
BRDA:68,9,0,0
BRDA:87,10,0,0
BRDA:106,11,0,0
BRDA:113,12,0,0
BRDA:134,13,0,0
BRDA:141,14,0,0
BRDA:148,15,0,0
BRDA:155,16,0,0
BRF:20
BRH:0
end_of_record
TN:
SF:cache\cacheManager.js
FN:29,(anonymous_0)
FN:50,updateAccessOrder
FN:58,getLRUKey
FN:75,evictIfNeeded
FN:90,get
FN:124,set
FN:171,del
FN:186,delPattern
FN:209,flush
FN:220,getStats
FN:235,resetStats
FN:254,getOrSet
FN:286,isHealthy
FNF:13
FNH:0
FNDA:0,(anonymous_0)
FNDA:0,updateAccessOrder
FNDA:0,getLRUKey
FNDA:0,evictIfNeeded
FNDA:0,get
FNDA:0,set
FNDA:0,del
FNDA:0,delPattern
FNDA:0,flush
FNDA:0,getStats
FNDA:0,resetStats
FNDA:0,getOrSet
FNDA:0,isHealthy
DA:6,0
DA:7,0
DA:10,0
DA:11,0
DA:14,0
DA:15,0
DA:16,0
DA:19,0
DA:29,0
DA:30,0
DA:31,0
DA:33,0
DA:34,0
DA:35,0
DA:36,0
DA:37,0
DA:38,0
DA:42,0
DA:43,0
DA:51,0
DA:52,0
DA:59,0
DA:60,0
DA:62,0
DA:63,0
DA:64,0
DA:65,0
DA:69,0
DA:76,0
DA:77,0
DA:78,0
DA:79,0
DA:80,0
DA:81,0
DA:82,0
DA:91,0
DA:93,0
DA:94,0
DA:95,0
DA:96,0
DA:100,0
DA:101,0
DA:102,0
DA:103,0
DA:104,0
DA:105,0
DA:106,0
DA:110,0
DA:111,0
DA:112,0
DA:114,0
DA:125,0
DA:127,0
DA:128,0
DA:129,0
DA:133,0
DA:134,0
DA:135,0
DA:139,0
DA:140,0
DA:141,0
DA:145,0
DA:147,0
DA:149,0
DA:155,0
DA:156,0
DA:158,0
DA:159,0
DA:162,0
DA:163,0
DA:164,0
DA:172,0
DA:173,0
DA:175,0
DA:176,0
DA:177,0
DA:180,0
DA:187,0
DA:188,0
DA:190,0
DA:191,0
DA:192,0
DA:193,0
DA:194,0
DA:198,0
DA:199,0
DA:200,0
DA:203,0
DA:210,0
DA:211,0
DA:212,0
DA:213,0
DA:214,0
DA:221,0
DA:236,0
DA:255,0
DA:257,0
DA:258,0
DA:259,0
DA:263,0
DA:266,0
DA:268,0
DA:271,0
DA:272,0
DA:274,0
DA:275,0
DA:278,0
DA:287,0
DA:290,0
LF:109
LH:0
BRDA:10,0,0,0
BRDA:10,0,1,0
BRDA:11,1,0,0
BRDA:11,1,1,0
BRDA:34,2,0,0
BRDA:34,2,1,0
BRDA:34,3,0,0
BRDA:34,3,1,0
BRDA:42,4,0,0
BRDA:42,4,1,0
BRDA:63,5,0,0
BRDA:63,5,1,0
BRDA:76,6,0,0
BRDA:76,6,1,0
BRDA:78,7,0,0
BRDA:78,7,1,0
BRDA:93,8,0,0
BRDA:93,8,1,0
BRDA:100,9,0,0
BRDA:100,9,1,0
BRDA:100,10,0,0
BRDA:100,10,1,0
BRDA:124,11,0,0
BRDA:127,12,0,0
BRDA:127,12,1,0
BRDA:133,13,0,0
BRDA:133,13,1,0
BRDA:133,14,0,0
BRDA:133,14,1,0
BRDA:139,15,0,0
BRDA:139,15,1,0
BRDA:175,16,0,0
BRDA:175,16,1,0
BRDA:191,17,0,0
BRDA:191,17,1,0
BRDA:198,18,0,0
BRDA:198,18,1,0
BRDA:225,19,0,0
BRDA:225,19,1,0
BRDA:254,20,0,0
BRDA:258,21,0,0
BRDA:258,21,1,0
BRF:42
BRH:0
end_of_record
TN:
SF:cache\cacheMiddleware.js
FN:22,cacheMiddleware
FN:31,(anonymous_1)
FN:90,(anonymous_2)
FN:93,(anonymous_3)
FN:94,(anonymous_4)
FN:180,(anonymous_5)
FN:187,(anonymous_6)
FN:194,(anonymous_7)
FNF:8
FNH:0
FNDA:0,cacheMiddleware
FNDA:0,(anonymous_1)
FNDA:0,(anonymous_2)
FNDA:0,(anonymous_3)
FNDA:0,(anonymous_4)
FNDA:0,(anonymous_5)
FNDA:0,(anonymous_6)
FNDA:0,(anonymous_7)
DA:7,0
DA:8,0
DA:9,0
DA:29,0
DA:31,0
DA:37,0
DA:38,0
DA:42,0
DA:43,0
DA:44,0
DA:46,0
DA:47,0
DA:52,0
DA:53,0
DA:54,0
DA:56,0
DA:57,0
DA:61,0
DA:62,0
DA:63,0
DA:65,0
DA:66,0
DA:70,0
DA:71,0
DA:72,0
DA:74,0
DA:75,0
DA:83,0
DA:84,0
DA:85,0
DA:88,0
DA:90,0
DA:92,0
DA:93,0
DA:94,0
DA:96,0
DA:99,0
DA:100,0
DA:104,0
DA:105,0
DA:106,0
DA:113,0
DA:114,0
DA:116,0
DA:118,0
DA:119,0
DA:123,0
DA:124,0
DA:125,0
DA:126,0
DA:130,0
DA:133,0
DA:134,0
DA:135,0
DA:136,0
DA:137,0
DA:138,0
DA:139,0
DA:141,0
DA:145,0
DA:146,0
DA:147,0
DA:148,0
DA:149,0
DA:153,0
DA:157,0
DA:158,0
DA:166,0
DA:167,0
DA:171,0
DA:172,0
DA:173,0
DA:176,0
DA:177,0
DA:180,0
DA:181,0
DA:182,0
DA:183,0
DA:187,0
DA:188,0
DA:189,0
DA:190,0
DA:194,0
DA:196,0
DA:197,0
DA:199,0
DA:201,0
DA:203,0
DA:205,0
DA:207,0
DA:210,0
DA:211,0
DA:213,0
DA:214,0
DA:216,0
DA:217,0
DA:219,0
DA:220,0
DA:224,0
DA:225,0
DA:230,0
DA:231,0
DA:237,0
DA:238,0
DA:239,0
DA:244,0
DA:245,0
DA:249,0
DA:252,0
DA:256,0
LF:110
LH:0
BRDA:22,0,0,0
BRDA:24,1,0,0
BRDA:25,2,0,0
BRDA:26,3,0,0
BRDA:27,4,0,0
BRDA:28,5,0,0
BRDA:37,6,0,0
BRDA:37,6,1,0
BRDA:42,7,0,0
BRDA:42,7,1,0
BRDA:43,8,0,0
BRDA:43,8,1,0
BRDA:52,9,0,0
BRDA:52,9,1,0
BRDA:52,10,0,0
BRDA:52,10,1,0
BRDA:53,11,0,0
BRDA:53,11,1,0
BRDA:61,12,0,0
BRDA:61,12,1,0
BRDA:62,13,0,0
BRDA:62,13,1,0
BRDA:70,14,0,0
BRDA:70,14,1,0
BRDA:70,15,0,0
BRDA:70,15,1,0
BRDA:70,15,2,0
BRDA:71,16,0,0
BRDA:71,16,1,0
BRDA:84,17,0,0
BRDA:84,17,1,0
BRDA:84,18,0,0
BRDA:84,18,1,0
BRDA:93,19,0,0
BRDA:93,19,1,0
BRDA:96,20,0,0
BRDA:96,20,1,0
BRDA:96,21,0,0
BRDA:96,21,1,0
BRDA:96,22,0,0
BRDA:96,22,1,0
BRDA:99,23,0,0
BRDA:99,23,1,0
BRDA:99,24,0,0
BRDA:99,24,1,0
BRDA:116,25,0,0
BRDA:116,25,1,0
BRDA:118,26,0,0
BRDA:118,26,1,0
BRDA:123,27,0,0
BRDA:123,27,1,0
BRDA:123,28,0,0
BRDA:123,28,1,0
BRDA:133,29,0,0
BRDA:133,29,1,0
BRDA:138,30,0,0
BRDA:138,30,1,0
BRDA:148,31,0,0
BRDA:148,31,1,0
BRDA:166,32,0,0
BRDA:166,32,1,0
BRDA:182,33,0,0
BRDA:182,33,1,0
BRDA:189,34,0,0
BRDA:189,34,1,0
BRDA:196,35,0,0
BRDA:196,35,1,0
BRDA:196,36,0,0
BRDA:196,36,1,0
BRDA:199,37,0,0
BRDA:199,37,1,0
BRDA:199,38,0,0
BRDA:199,38,1,0
BRDA:201,39,0,0
BRDA:201,39,1,0
BRDA:205,40,0,0
BRDA:205,40,1,0
BRDA:210,41,0,0
BRDA:210,41,1,0
BRDA:213,42,0,0
BRDA:213,42,1,0
BRDA:216,43,0,0
BRDA:216,43,1,0
BRDA:219,44,0,0
BRDA:219,44,1,0
BRDA:219,45,0,0
BRDA:219,45,1,0
BRDA:224,46,0,0
BRDA:224,46,1,0
BRDA:230,47,0,0
BRDA:230,47,1,0
BRDA:238,48,0,0
BRDA:238,48,1,0
BRDA:244,49,0,0
BRDA:244,49,1,0
BRF:95
BRH:0
end_of_record
TN:
SF:jobs\reconciliation.job.js
FN:13,runReconciliationJob
FN:28,(anonymous_1)
FN:32,(anonymous_2)
FNF:3
FNH:0
FNDA:0,runReconciliationJob
FNDA:0,(anonymous_1)
FNDA:0,(anonymous_2)
DA:6,0
DA:7,0
DA:14,0
DA:15,0
DA:16,0
DA:17,0
DA:18,0
DA:20,0
DA:21,0
DA:26,0
DA:27,0
DA:29,0
DA:30,0
DA:33,0
DA:34,0
DA:38,0
LF:16
LH:0
BRDA:26,0,0,0
BRDA:26,0,1,0
BRF:2
BRH:0
end_of_record
TN:
SF:logger\formatters.js
FN:12,sanitizeData
FN:25,(anonymous_1)
FN:38,formatJSON
FN:54,formatText
FN:67,format
FNF:5
FNH:4
FNDA:16,sanitizeData
FNDA:864,(anonymous_1)
FNDA:8,formatJSON
FNDA:0,formatText
FNDA:8,format
DA:5,3
DA:6,3
DA:7,3
DA:13,16
DA:15,16
DA:21,16
DA:23,16
DA:24,72
DA:25,864
DA:26,0
DA:27,72
DA:28,8
DA:32,16
DA:39,8
DA:48,8
DA:55,0
DA:56,0
DA:57,0
DA:61,0
DA:68,8
DA:69,8
DA:71,0
DA:75,3
LF:23
LH:17
BRDA:5,0,0,3
BRDA:5,0,1,0
BRDA:6,1,0,3
BRDA:6,1,1,3
BRDA:7,2,0,3
BRDA:7,2,1,0
BRDA:13,3,0,0
BRDA:13,3,1,16
BRDA:13,4,0,16
BRDA:13,4,1,16
BRDA:21,5,0,0
BRDA:21,5,1,16
BRDA:25,6,0,0
BRDA:25,6,1,72
BRDA:27,7,0,8
BRDA:27,7,1,64
BRDA:27,8,0,72
BRDA:27,8,1,8
BRDA:38,9,0,0
BRDA:54,10,0,0
BRDA:57,11,0,0
BRDA:57,11,1,0
BRDA:67,12,0,0
BRDA:68,13,0,8
BRDA:68,13,1,0
BRF:25
BRH:14
end_of_record
TN:
SF:logger\index.js
FN:16,(anonymous_0)
FN:23,(anonymous_1)
FN:30,(anonymous_2)
FN:48,(anonymous_3)
FN:55,(anonymous_4)
FN:62,(anonymous_5)
FN:69,(anonymous_6)
FN:92,(anonymous_7)
FN:105,(anonymous_8)
FN:117,(anonymous_9)
FN:135,createRequestLogger
FN:152,(anonymous_11)
FN:153,(anonymous_12)
FN:154,(anonymous_13)
FN:155,(anonymous_14)
FN:156,(anonymous_15)
FN:157,(anonymous_16)
FN:158,(anonymous_17)
FNF:18
FNH:4
FNDA:3,(anonymous_0)
FNDA:0,(anonymous_1)
FNDA:4,(anonymous_2)
FNDA:0,(anonymous_3)
FNDA:0,(anonymous_4)
FNDA:0,(anonymous_5)
FNDA:4,(anonymous_6)
FNDA:0,(anonymous_7)
FNDA:0,(anonymous_8)
FNDA:0,(anonymous_9)
FNDA:0,createRequestLogger
FNDA:0,(anonymous_11)
FNDA:0,(anonymous_12)
FNDA:0,(anonymous_13)
FNDA:4,(anonymous_14)
FNDA:0,(anonymous_15)
FNDA:0,(anonymous_16)
FNDA:0,(anonymous_17)
DA:6,3
DA:7,3
DA:8,3
DA:10,3
DA:17,3
DA:24,0
DA:31,4
DA:34,4
DA:37,4
DA:42,4
DA:49,0
DA:56,0
DA:63,0
DA:70,4
DA:75,4
DA:76,4
DA:85,4
DA:86,4
DA:93,0
DA:98,0
DA:99,0
DA:106,0
DA:111,0
DA:118,0
DA:123,0
DA:130,3
DA:136,0
DA:141,0
DA:142,0
DA:145,0
DA:148,3
DA:152,0
DA:153,0
DA:154,0
DA:155,4
DA:156,0
DA:157,0
DA:158,0
LF:38
LH:17
BRDA:16,0,0,3
BRDA:30,1,0,0
BRDA:31,2,0,4
BRDA:31,2,1,0
BRDA:34,3,0,0
BRDA:34,3,1,4
BRDA:48,4,0,0
BRDA:55,5,0,0
BRDA:62,6,0,0
BRDA:69,7,0,0
BRDA:69,8,0,0
BRDA:72,9,0,4
BRDA:72,9,1,4
BRDA:75,10,0,4
BRDA:75,10,1,0
BRDA:81,11,0,4
BRDA:81,11,1,4
BRDA:92,12,0,0
BRDA:96,13,0,0
BRDA:96,13,1,0
BRDA:105,14,0,0
BRDA:117,15,0,0
BRDA:135,16,0,0
BRDA:138,17,0,0
BRDA:138,17,1,0
BRDA:141,18,0,0
BRDA:141,18,1,0
BRF:27
BRH:8
end_of_record
TN:
SF:logger\levels.js
FN:28,getMinLevel
FNF:1
FNH:1
FNDA:3,getMinLevel
DA:5,3
DA:15,3
DA:29,3
DA:30,3
DA:32,3
DA:33,0
DA:36,3
DA:37,0
DA:40,3
DA:43,3
LF:10
LH:8
BRDA:29,0,0,3
BRDA:29,0,1,0
BRDA:32,1,0,0
BRDA:32,1,1,3
BRDA:36,2,0,0
BRDA:36,2,1,3
BRF:6
BRH:3
end_of_record
TN:
SF:logger\transports.js
FN:20,writeToFile
FN:38,consoleTransport
FN:60,transport
FNF:3
FNH:3
FNDA:4,writeToFile
FNDA:4,consoleTransport
FNDA:4,transport
DA:5,3
DA:6,3
DA:7,3
DA:9,3
DA:10,3
DA:13,3
DA:14,0
DA:21,4
DA:23,4
DA:24,4
DA:25,4
DA:26,4
DA:28,4
DA:31,0
DA:39,4
DA:41,4
DA:44,4
DA:45,4
DA:47,0
DA:48,0
DA:50,0
DA:51,0
DA:53,0
DA:62,4
DA:65,4
DA:66,4
DA:70,3
LF:27
LH:20
BRDA:9,0,0,3
BRDA:9,0,1,3
BRDA:13,1,0,0
BRDA:13,1,1,3
BRDA:13,2,0,3
BRDA:13,2,1,3
BRDA:21,3,0,0
BRDA:21,3,1,4
BRDA:41,4,0,4
BRDA:41,4,1,4
BRDA:41,4,2,0
BRDA:41,4,3,0
BRDA:41,4,4,0
BRDA:65,5,0,4
BRDA:65,5,1,0
BRDA:65,6,0,4
BRDA:65,6,1,4
BRF:17
BRH:11
end_of_record
TN:
SF:metrics\metrics.service.js
FN:7,(anonymous_0)
FN:11,(anonymous_1)
FN:17,(anonymous_2)
FN:69,(anonymous_3)
FN:79,(anonymous_4)
FN:89,(anonymous_5)
FN:99,(anonymous_6)
FN:135,(anonymous_7)
FN:146,(anonymous_8)
FN:162,(anonymous_9)
FN:169,(anonymous_10)
FN:176,(anonymous_11)
FN:185,(anonymous_12)
FN:204,(anonymous_13)
FN:223,(anonymous_14)
FNF:15
FNH:2
FNDA:1,(anonymous_0)
FNDA:0,(anonymous_1)
FNDA:1,(anonymous_2)
FNDA:0,(anonymous_3)
FNDA:0,(anonymous_4)
FNDA:0,(anonymous_5)
FNDA:0,(anonymous_6)
FNDA:0,(anonymous_7)
FNDA:0,(anonymous_8)
FNDA:0,(anonymous_9)
FNDA:0,(anonymous_10)
FNDA:0,(anonymous_11)
FNDA:0,(anonymous_12)
FNDA:0,(anonymous_13)
FNDA:0,(anonymous_14)
DA:9,1
DA:10,1
DA:11,1
DA:18,1
DA:70,0
DA:71,0
DA:73,0
DA:80,0
DA:81,0
DA:83,0
DA:90,0
DA:91,0
DA:93,0
DA:100,0
DA:103,0
DA:107,0
DA:111,0
DA:115,0
DA:119,0
DA:120,0
DA:122,0
DA:123,0
DA:128,0
DA:129,0
DA:136,0
DA:137,0
DA:139,0
DA:147,0
DA:149,0
DA:150,0
DA:151,0
DA:152,0
DA:155,0
DA:163,0
DA:170,0
DA:177,0
DA:178,0
DA:186,0
DA:187,0
DA:194,0
DA:195,0
DA:197,0
DA:205,0
DA:206,0
DA:213,0
DA:214,0
DA:216,0
DA:224,0
DA:228,0
DA:229,0
DA:230,0
DA:231,0
DA:236,0
DA:249,1
DA:251,1
LF:55
LH:6
BRDA:70,0,0,0
BRDA:70,0,1,0
BRDA:80,1,0,0
BRDA:80,1,1,0
BRDA:90,2,0,0
BRDA:90,2,1,0
BRDA:99,3,0,0
BRDA:104,4,0,0
BRDA:104,4,1,0
BRDA:108,5,0,0
BRDA:108,5,1,0
BRDA:112,6,0,0
BRDA:112,6,1,0
BRDA:116,7,0,0
BRDA:116,7,1,0
BRDA:122,8,0,0
BRDA:122,8,1,0
BRDA:138,9,0,0
BRDA:138,9,1,0
BRDA:140,10,0,0
BRDA:140,10,1,0
BRDA:146,11,0,0
BRDA:149,12,0,0
BRDA:149,12,1,0
BRDA:151,13,0,0
BRDA:151,13,1,0
BRDA:156,14,0,0
BRDA:156,14,1,0
BRDA:179,15,0,0
BRDA:179,15,1,0
BRDA:186,16,0,0
BRDA:186,16,1,0
BRDA:196,17,0,0
BRDA:196,17,1,0
BRDA:198,18,0,0
BRDA:198,18,1,0
BRDA:205,19,0,0
BRDA:205,19,1,0
BRDA:215,20,0,0
BRDA:215,20,1,0
BRDA:217,21,0,0
BRDA:217,21,1,0
BRDA:224,22,0,0
BRDA:224,22,1,0
BRDA:231,23,0,0
BRDA:231,23,1,0
BRF:46
BRH:0
end_of_record
TN:
SF:middleware\apiVersion.js
FN:11,apiVersion
FN:41,apiVersionHeaders
FN:81,validateApiVersion
FNF:3
FNH:0
FNDA:0,apiVersion
FNDA:0,apiVersionHeaders
FNDA:0,validateApiVersion
DA:6,0
DA:13,0
DA:14,0
DA:17,0
DA:20,0
DA:27,0
DA:28,0
DA:35,0
DA:43,0
DA:47,0
DA:54,0
DA:56,0
DA:57,0
DA:58,0
DA:59,0
DA:63,0
DA:64,0
DA:73,0
DA:75,0
DA:82,0
DA:84,0
DA:85,0
DA:93,0
DA:96,0
LF:24
LH:0
BRDA:14,0,0,0
BRDA:14,0,1,0
BRDA:17,1,0,0
BRDA:17,1,1,0
BRDA:27,2,0,0
BRDA:27,2,1,0
BRDA:27,3,0,0
BRDA:27,3,1,0
BRDA:43,4,0,0
BRDA:43,4,1,0
BRDA:56,5,0,0
BRDA:56,5,1,0
BRDA:56,6,0,0
BRDA:56,6,1,0
BRDA:58,7,0,0
BRDA:58,7,1,0
BRDA:63,8,0,0
BRDA:63,8,1,0
BRDA:84,9,0,0
BRDA:84,9,1,0
BRDA:84,10,0,0
BRDA:84,10,1,0
BRF:22
BRH:0
end_of_record
TN:
SF:middleware\auth.js
FN:15,(anonymous_0)
FN:141,(anonymous_1)
FN:173,(anonymous_2)
FN:174,(anonymous_3)
FN:185,(anonymous_4)
FN:208,invalidateToken
FN:216,(anonymous_6)
FN:223,clearTokenBlacklist
FNF:8
FNH:0
FNDA:0,(anonymous_0)
FNDA:0,(anonymous_1)
FNDA:0,(anonymous_2)
FNDA:0,(anonymous_3)
FNDA:0,(anonymous_4)
FNDA:0,invalidateToken
FNDA:0,(anonymous_6)
FNDA:0,clearTokenBlacklist
DA:5,2
DA:6,2
DA:7,2
DA:10,2
DA:15,2
DA:16,0
DA:18,0
DA:20,0
DA:21,0
DA:27,0
DA:30,0
DA:31,0
DA:35,0
DA:43,0
DA:44,0
DA:50,0
DA:51,0
DA:56,0
DA:62,0
DA:63,0
DA:68,0
DA:74,0
DA:78,0
DA:79,0
DA:86,0
DA:98,0
DA:99,0
DA:104,0
DA:110,0
DA:113,0
DA:114,0
DA:117,0
DA:118,0
DA:122,0
DA:123,0
DA:125,0
DA:130,0
DA:141,2
DA:142,0
DA:143,0
DA:150,0
DA:153,0
DA:154,0
DA:161,0
DA:166,0
DA:173,2
DA:174,0
DA:175,0
DA:176,0
DA:183,0
DA:185,0
DA:187,0
DA:188,0
DA:196,0
DA:201,0
DA:209,0
DA:211,0
DA:213,0
DA:214,0
DA:216,0
DA:224,0
DA:227,2
LF:62
LH:8
BRDA:20,0,0,0
BRDA:20,0,1,0
BRDA:20,1,0,0
BRDA:20,1,1,0
BRDA:30,2,0,0
BRDA:30,2,1,0
BRDA:46,3,0,0
BRDA:46,3,1,0
BRDA:50,4,0,0
BRDA:50,4,1,0
BRDA:62,5,0,0
BRDA:62,5,1,0
BRDA:78,6,0,0
BRDA:78,6,1,0
BRDA:98,7,0,0
BRDA:98,7,1,0
BRDA:113,8,0,0
BRDA:113,8,1,0
BRDA:114,9,0,0
BRDA:114,9,1,0
BRDA:117,10,0,0
BRDA:117,10,1,0
BRDA:117,11,0,0
BRDA:117,11,1,0
BRDA:142,12,0,0
BRDA:142,12,1,0
BRDA:150,13,0,0
BRDA:150,13,1,0
BRDA:150,13,2,0
BRDA:150,13,3,0
BRDA:153,14,0,0
BRDA:153,14,1,0
BRDA:175,15,0,0
BRDA:175,15,1,0
BRDA:183,16,0,0
BRDA:183,16,1,0
BRDA:183,16,2,0
BRDA:183,16,3,0
BRDA:187,17,0,0
BRDA:187,17,1,0
BRDA:211,18,0,0
BRDA:211,18,1,0
BRF:42
BRH:0
end_of_record
TN:
SF:middleware\authorize.js
FN:13,(anonymous_0)
FN:14,(anonymous_1)
FN:54,(anonymous_2)
FN:87,(anonymous_3)
FN:88,(anonymous_4)
FN:139,(anonymous_5)
FN:140,(anonymous_6)
FNF:7
FNH:0
FNDA:0,(anonymous_0)
FNDA:0,(anonymous_1)
FNDA:0,(anonymous_2)
FNDA:0,(anonymous_3)
FNDA:0,(anonymous_4)
FNDA:0,(anonymous_5)
FNDA:0,(anonymous_6)
DA:6,0
DA:7,0
DA:13,0
DA:14,0
DA:15,0
DA:17,0
DA:18,0
DA:25,0
DA:30,0
DA:31,0
DA:40,0
DA:41,0
DA:56,0
DA:59,0
DA:66,0
DA:68,0
DA:75,0
DA:87,0
DA:88,0
DA:89,0
DA:90,0
DA:91,0
DA:97,0
DA:102,0
DA:103,0
DA:111,0
DA:118,0
DA:120,0
DA:127,0
DA:139,0
DA:140,0
DA:141,0
DA:142,0
DA:143,0
DA:149,0
DA:154,0
DA:155,0
DA:163,0
DA:170,0
DA:172,0
DA:179,0
DA:187,0
LF:42
LH:0
BRDA:17,0,0,0
BRDA:17,0,1,0
BRDA:17,1,0,0
BRDA:17,1,1,0
BRDA:30,2,0,0
BRDA:30,2,1,0
BRDA:90,3,0,0
BRDA:90,3,1,0
BRDA:90,4,0,0
BRDA:90,4,1,0
BRDA:102,5,0,0
BRDA:102,5,1,0
BRDA:142,6,0,0
BRDA:142,6,1,0
BRDA:142,7,0,0
BRDA:142,7,1,0
BRDA:154,8,0,0
BRDA:154,8,1,0
BRF:18
BRH:0
end_of_record
TN:
SF:middleware\bruteForce.js
FN:20,cleanOldAttempts
FN:41,bruteForceProtection
FN:87,(anonymous_2)
FN:126,getBruteForceStats
FN:128,(anonymous_4)
FN:133,(anonymous_5)
FN:144,unblockIP
FNF:7
FNH:0
FNDA:0,cleanOldAttempts
FNDA:0,bruteForceProtection
FNDA:0,(anonymous_2)
FNDA:0,getBruteForceStats
FNDA:0,(anonymous_4)
FNDA:0,(anonymous_5)
FNDA:0,unblockIP
DA:5,0
DA:9,0
DA:10,0
DA:13,0
DA:14,0
DA:15,0
DA:21,0
DA:22,0
DA:23,0
DA:24,0
DA:27,0
DA:28,0
DA:29,0
DA:35,0
DA:42,0
DA:43,0
DA:46,0
DA:47,0
DA:48,0
DA:51,0
DA:52,0
DA:54,0
DA:60,0
DA:68,0
DA:71,0
DA:72,0
DA:73,0
DA:75,0
DA:76,0
DA:77,0
DA:86,0
DA:87,0
DA:89,0
DA:90,0
DA:91,0
DA:92,0
DA:95,0
DA:103,0
DA:104,0
DA:105,0
DA:112,0
DA:114,0
DA:117,0
DA:120,0
DA:127,0
DA:128,0
DA:133,0
DA:145,0
DA:147,0
DA:148,0
DA:149,0
DA:154,0
LF:52
LH:0
BRDA:23,0,0,0
BRDA:23,0,1,0
BRDA:28,1,0,0
BRDA:28,1,1,0
BRDA:42,2,0,0
BRDA:42,2,1,0
BRDA:43,3,0,0
BRDA:43,3,1,0
BRDA:43,3,2,0
BRDA:46,4,0,0
BRDA:46,4,1,0
BRDA:68,5,0,0
BRDA:68,5,1,0
BRDA:71,6,0,0
BRDA:71,6,1,0
BRDA:75,7,0,0
BRDA:75,7,1,0
BRDA:89,8,0,0
BRDA:89,8,1,0
BRDA:89,9,0,0
BRDA:89,9,1,0
BRDA:89,9,2,0
BRDA:97,10,0,0
BRDA:97,10,1,0
BRDA:103,11,0,0
BRDA:103,11,1,0
BRDA:112,12,0,0
BRDA:112,12,1,0
BRDA:148,13,0,0
BRDA:148,13,1,0
BRF:30
BRH:0
end_of_record
TN:
SF:middleware\businessValidation.js
FN:13,validatePriceConsistency
FN:82,validateOrderStatusTransition
FN:107,validatePaymentStatusTransition
FN:123,validatePaymentAmount
FN:139,validateOrderOwnership
FN:164,validateProductActive
FN:184,validateVariantActive
FNF:7
FNH:0
FNDA:0,validatePriceConsistency
FNDA:0,validateOrderStatusTransition
FNDA:0,validatePaymentStatusTransition
FNDA:0,validatePaymentAmount
FNDA:0,validateOrderOwnership
FNDA:0,validateProductActive
FNDA:0,validateVariantActive
DA:6,2
DA:7,2
DA:14,0
DA:15,0
DA:16,0
DA:17,0
DA:18,0
DA:21,0
DA:24,0
DA:25,0
DA:26,0
DA:30,0
DA:31,0
DA:34,0
DA:38,0
DA:39,0
DA:43,0
DA:44,0
DA:48,0
DA:49,0
DA:50,0
DA:56,0
DA:64,0
DA:66,0
DA:67,0
DA:74,2
DA:83,0
DA:85,0
DA:86,0
DA:92,0
DA:98,2
DA:108,0
DA:110,0
DA:111,0
DA:117,0
DA:124,0
DA:126,0
DA:127,0
DA:133,0
DA:140,0
DA:145,0
DA:146,0
DA:149,0
DA:150,0
DA:155,0
DA:158,0
DA:165,0
DA:170,0
DA:171,0
DA:174,0
DA:175,0
DA:178,0
DA:185,0
DA:190,0
DA:191,0
DA:194,0
DA:195,0
DA:198,0
DA:201,2
LF:59
LH:5
BRDA:16,0,0,0
BRDA:16,0,1,0
BRDA:25,1,0,0
BRDA:25,1,1,0
BRDA:30,2,0,0
BRDA:30,2,1,0
BRDA:38,3,0,0
BRDA:38,3,1,0
BRDA:43,4,0,0
BRDA:43,4,1,0
BRDA:44,5,0,0
BRDA:44,5,1,0
BRDA:49,6,0,0
BRDA:49,6,1,0
BRDA:57,7,0,0
BRDA:57,7,1,0
BRDA:83,8,0,0
BRDA:83,8,1,0
BRDA:85,9,0,0
BRDA:85,9,1,0
BRDA:88,10,0,0
BRDA:88,10,1,0
BRDA:108,11,0,0
BRDA:108,11,1,0
BRDA:110,12,0,0
BRDA:110,12,1,0
BRDA:113,13,0,0
BRDA:113,13,1,0
BRDA:123,14,0,0
BRDA:126,15,0,0
BRDA:126,15,1,0
BRDA:145,16,0,0
BRDA:145,16,1,0
BRDA:149,17,0,0
BRDA:149,17,1,0
BRDA:170,18,0,0
BRDA:170,18,1,0
BRDA:174,19,0,0
BRDA:174,19,1,0
BRDA:190,20,0,0
BRDA:190,20,1,0
BRDA:194,21,0,0
BRDA:194,21,1,0
BRF:43
BRH:0
end_of_record
TN:
SF:middleware\criticalLogger.js
FN:12,criticalLogger
FN:21,(anonymous_1)
FNF:2
FNH:0
FNDA:0,criticalLogger
FNDA:0,(anonymous_1)
DA:6,0
DA:14,0
DA:19,0
DA:20,0
DA:21,0
DA:22,0
DA:31,0
DA:32,0
DA:33,0
DA:35,0
DA:37,0
DA:39,0
DA:45,0
DA:49,0
DA:52,0
LF:15
LH:0
BRDA:14,0,0,0
BRDA:14,0,1,0
BRDA:14,0,2,0
BRDA:14,0,3,0
BRDA:19,1,0,0
BRDA:19,1,1,0
BRDA:26,2,0,0
BRDA:26,2,1,0
BRDA:31,3,0,0
BRDA:31,3,1,0
BRDA:32,4,0,0
BRDA:32,4,1,0
BRDA:37,5,0,0
BRDA:37,5,1,0
BRF:14
BRH:0
end_of_record
TN:
SF:middleware\enumerationProtection.js
FN:16,enumerationProtection
FN:21,(anonymous_1)
FN:41,(anonymous_2)
FN:54,(anonymous_3)
FNF:4
FNH:0
FNDA:0,enumerationProtection
FNDA:0,(anonymous_1)
FNDA:0,(anonymous_2)
FNDA:0,(anonymous_3)
DA:6,0
DA:7,0
DA:10,0
DA:18,0
DA:19,0
DA:21,0
DA:22,0
DA:24,0
DA:27,0
DA:29,0
DA:30,0
DA:39,0
DA:40,0
DA:41,0
DA:42,0
DA:45,0
DA:48,0
DA:51,0
DA:54,0
DA:56,0
DA:58,0
DA:60,0
DA:61,0
DA:69,0
DA:73,0
DA:76,0
DA:79,0
DA:82,0
LF:28
LH:0
BRDA:22,0,0,0
BRDA:22,0,1,0
BRDA:29,1,0,0
BRDA:29,1,1,0
BRDA:34,2,0,0
BRDA:34,2,1,0
BRDA:40,3,0,0
BRDA:40,3,1,0
BRDA:56,4,0,0
BRDA:56,4,1,0
BRDA:60,5,0,0
BRDA:60,5,1,0
BRDA:65,6,0,0
BRDA:65,6,1,0
BRF:14
BRH:0
end_of_record
TN:
SF:middleware\errorHandler.js
FN:14,classifyError
FN:100,errorHandler
FNF:2
FNH:0
FNDA:0,classifyError
FNDA:0,errorHandler
DA:6,0
DA:7,0
DA:8,0
DA:9,0
DA:16,0
DA:17,0
DA:26,0
DA:27,0
DA:36,0
DA:37,0
DA:46,0
DA:47,0
DA:55,0
DA:56,0
DA:65,0
DA:66,0
DA:77,0
DA:78,0
DA:87,0
DA:102,0
DA:109,0
DA:110,0
DA:113,0
DA:119,0
DA:139,0
DA:140,0
DA:141,0
DA:145,0
DA:146,0
DA:155,0
DA:159,0
DA:162,0
DA:172,0
DA:173,0
DA:184,0
DA:186,0
DA:189,0
DA:192,0
LF:38
LH:0
BRDA:16,0,0,0
BRDA:16,0,1,0
BRDA:16,1,0,0
BRDA:16,1,1,0
BRDA:26,2,0,0
BRDA:26,2,1,0
BRDA:26,3,0,0
BRDA:26,3,1,0
BRDA:36,4,0,0
BRDA:36,4,1,0
BRDA:36,5,0,0
BRDA:36,5,1,0
BRDA:46,6,0,0
BRDA:46,6,1,0
BRDA:46,7,0,0
BRDA:46,7,1,0
BRDA:55,8,0,0
BRDA:55,8,1,0
BRDA:55,9,0,0
BRDA:55,9,1,0
BRDA:65,10,0,0
BRDA:65,10,1,0
BRDA:65,11,0,0
BRDA:65,11,1,0
BRDA:69,12,0,0
BRDA:69,12,1,0
BRDA:70,13,0,0
BRDA:70,13,1,0
BRDA:77,14,0,0
BRDA:77,14,1,0
BRDA:77,15,0,0
BRDA:77,15,1,0
BRDA:81,16,0,0
BRDA:81,16,1,0
BRDA:89,17,0,0
BRDA:89,17,1,0
BRDA:89,17,2,0
BRDA:90,18,0,0
BRDA:90,18,1,0
BRDA:92,19,0,0
BRDA:92,19,1,0
BRDA:103,20,0,0
BRDA:103,20,1,0
BRDA:104,21,0,0
BRDA:104,21,1,0
BRDA:110,22,0,0
BRDA:110,22,1,0
BRDA:113,23,0,0
BRDA:113,23,1,0
BRDA:113,23,2,0
BRDA:113,23,3,0
BRDA:126,24,0,0
BRDA:126,24,1,0
BRDA:127,25,0,0
BRDA:127,25,1,0
BRDA:130,26,0,0
BRDA:130,26,1,0
BRDA:131,27,0,0
BRDA:131,27,1,0
BRDA:139,28,0,0
BRDA:139,28,1,0
BRDA:145,29,0,0
BRDA:145,29,1,0
BRDA:151,30,0,0
BRDA:151,30,1,0
BRDA:166,31,0,0
BRDA:166,31,1,0
BRDA:167,32,0,0
BRDA:167,32,1,0
BRDA:172,33,0,0
BRDA:172,33,1,0
BRDA:172,34,0,0
BRDA:172,34,1,0
BRDA:176,35,0,0
BRDA:176,35,1,0
BRDA:184,36,0,0
BRDA:184,36,1,0
BRDA:184,37,0,0
BRDA:184,37,1,0
BRF:79
BRH:0
end_of_record
TN:
SF:middleware\optionalAuth.js
FN:12,(anonymous_0)
FNF:1
FNH:0
FNDA:0,(anonymous_0)
DA:6,0
DA:7,0
DA:12,0
DA:13,0
DA:14,0
DA:17,0
DA:18,0
DA:19,0
DA:20,0
DA:23,0
DA:25,0
DA:26,0
DA:31,0
DA:36,0
DA:37,0
DA:38,0
DA:39,0
DA:42,0
DA:47,0
DA:50,0
DA:51,0
DA:54,0
DA:57,0
DA:58,0
DA:59,0
DA:63,0
LF:26
LH:0
BRDA:17,0,0,0
BRDA:17,0,1,0
BRDA:17,1,0,0
BRDA:17,1,1,0
BRDA:36,2,0,0
BRDA:36,2,1,0
BRF:6
BRH:0
end_of_record
TN:
SF:middleware\rateLimit.js
FN:18,(anonymous_0)
FN:44,(anonymous_1)
FN:105,(anonymous_2)
FNF:3
FNH:0
FNDA:0,(anonymous_0)
FNDA:0,(anonymous_1)
FNDA:0,(anonymous_2)
DA:5,0
DA:6,0
DA:9,0
DA:20,0
DA:26,0
DA:34,0
DA:46,0
DA:52,0
DA:60,0
DA:72,0
DA:84,0
DA:96,0
DA:107,0
DA:114,0
DA:122,0
DA:133,0
LF:16
LH:0
BRDA:49,0,0,0
BRDA:49,0,1,0
BRDA:111,1,0,0
BRDA:111,1,1,0
BRF:4
BRH:0
end_of_record
TN:
SF:middleware\requestContext.js
FN:11,requestContext
FNF:1
FNH:0
FNDA:0,requestContext
DA:6,0
DA:13,0
DA:16,0
DA:17,0
DA:20,0
DA:31,0
DA:34,0
DA:35,0
DA:38,0
DA:41,0
LF:10
LH:0
BRDA:13,0,0,0
BRDA:13,0,1,0
BRDA:17,1,0,0
BRDA:17,1,1,0
BRDA:23,2,0,0
BRDA:23,2,1,0
BRDA:34,3,0,0
BRDA:34,3,1,0
BRF:8
BRH:0
end_of_record
TN:
SF:middleware\requestLogger.js
FN:12,requestLogger
FN:26,(anonymous_1)
FN:31,(anonymous_2)
FN:36,logRequest
FNF:4
FNH:0
FNDA:0,requestLogger
FNDA:0,(anonymous_1)
FNDA:0,(anonymous_2)
FNDA:0,logRequest
DA:6,0
DA:7,0
DA:13,0
DA:16,0
DA:23,0
DA:24,0
DA:26,0
DA:27,0
DA:28,0
DA:31,0
DA:32,0
DA:33,0
DA:37,0
DA:38,0
DA:41,0
DA:56,0
DA:57,0
DA:58,0
DA:59,0
DA:61,0
DA:65,0
DA:74,0
DA:77,0
LF:23
LH:0
BRDA:17,0,0,0
BRDA:17,0,1,0
BRDA:18,1,0,0
BRDA:18,1,1,0
BRDA:48,2,0,0
BRDA:48,2,1,0
BRDA:49,3,0,0
BRDA:49,3,1,0
BRDA:50,4,0,0
BRDA:50,4,1,0
BRDA:51,5,0,0
BRDA:51,5,1,0
BRDA:56,6,0,0
BRDA:56,6,1,0
BRDA:58,7,0,0
BRDA:58,7,1,0
BRDA:70,8,0,0
BRDA:70,8,1,0
BRF:18
BRH:0
end_of_record
TN:
SF:middleware\requestSanitizer.js
FN:30,sanitizeString
FN:71,sanitizeObject
FN:89,(anonymous_2)
FN:110,checkBodySize
FN:121,requestSanitizer
FNF:5
FNH:0
FNDA:0,sanitizeString
FNDA:0,sanitizeObject
FNDA:0,(anonymous_2)
FNDA:0,checkBodySize
FNDA:0,requestSanitizer
DA:6,0
DA:9,0
DA:10,0
DA:13,0
DA:19,0
DA:31,0
DA:34,0
DA:37,0
DA:38,0
DA:39,0
DA:40,0
DA:49,0
DA:50,0
DA:51,0
DA:56,0
DA:65,0
DA:72,0
DA:73,0
DA:76,0
DA:77,0
DA:80,0
DA:81,0
DA:84,0
DA:85,0
DA:88,0
DA:89,0
DA:92,0
DA:93,0
DA:94,0
DA:95,0
DA:97,0
DA:98,0
DA:101,0
DA:104,0
DA:111,0
DA:112,0
DA:113,0
DA:115,0
DA:123,0
DA:124,0
DA:132,0
DA:140,0
DA:141,0
DA:142,0
DA:144,0
DA:150,0
DA:159,0
DA:160,0
DA:161,0
DA:163,0
DA:171,0
DA:174,0
LF:52
LH:0
BRDA:9,0,0,0
BRDA:9,0,1,0
BRDA:31,1,0,0
BRDA:31,1,1,0
BRDA:39,2,0,0
BRDA:39,2,1,0
BRDA:50,3,0,0
BRDA:50,3,1,0
BRDA:71,4,0,0
BRDA:72,5,0,0
BRDA:72,5,1,0
BRDA:76,6,0,0
BRDA:76,6,1,0
BRDA:76,7,0,0
BRDA:76,7,1,0
BRDA:80,8,0,0
BRDA:80,8,1,0
BRDA:84,9,0,0
BRDA:84,9,1,0
BRDA:84,10,0,0
BRDA:84,10,1,0
BRDA:88,11,0,0
BRDA:88,11,1,0
BRDA:92,12,0,0
BRDA:92,12,1,0
BRDA:95,13,0,0
BRDA:95,13,1,0
BRDA:112,14,0,0
BRDA:112,14,1,0
BRDA:112,15,0,0
BRDA:112,15,1,0
BRDA:123,16,0,0
BRDA:123,16,1,0
BRDA:129,17,0,0
BRDA:129,17,1,0
BRDA:140,18,0,0
BRDA:140,18,1,0
BRDA:140,19,0,0
BRDA:140,19,1,0
BRDA:147,20,0,0
BRDA:147,20,1,0
BRDA:159,21,0,0
BRDA:159,21,1,0
BRDA:159,22,0,0
BRDA:159,22,1,0
BRDA:166,23,0,0
BRDA:166,23,1,0
BRF:47
BRH:0
end_of_record
TN:
SF:middleware\secureEndpoint.js
FN:11,verifyWebhookOrigin
FN:46,verifyFrontendOrigin
FN:49,(anonymous_2)
FN:76,protectPaymentEndpoint
FN:107,protectAdminEndpoint
FNF:5
FNH:0
FNDA:0,verifyWebhookOrigin
FNDA:0,verifyFrontendOrigin
FNDA:0,(anonymous_2)
FNDA:0,protectPaymentEndpoint
FNDA:0,protectAdminEndpoint
DA:6,0
DA:13,0
DA:15,0
DA:16,0
DA:21,0
DA:28,0
DA:29,0
DA:34,0
DA:40,0
DA:47,0
DA:48,0
DA:49,0
DA:53,0
DA:54,0
DA:57,0
DA:58,0
DA:64,0
DA:70,0
DA:78,0
DA:79,0
DA:86,0
DA:87,0
DA:94,0
DA:101,0
DA:109,0
DA:110,0
DA:117,0
DA:118,0
DA:124,0
DA:131,0
DA:138,0
DA:141,0
LF:32
LH:0
BRDA:15,0,0,0
BRDA:15,0,1,0
BRDA:28,1,0,0
BRDA:28,1,1,0
BRDA:48,2,0,0
BRDA:48,2,1,0
BRDA:50,3,0,0
BRDA:50,3,1,0
BRDA:53,4,0,0
BRDA:53,4,1,0
BRDA:53,5,0,0
BRDA:53,5,1,0
BRDA:57,6,0,0
BRDA:57,6,1,0
BRDA:57,7,0,0
BRDA:57,7,1,0
BRDA:78,8,0,0
BRDA:78,8,1,0
BRDA:86,9,0,0
BRDA:86,9,1,0
BRDA:109,10,0,0
BRDA:109,10,1,0
BRDA:117,11,0,0
BRDA:117,11,1,0
BRF:24
BRH:0
end_of_record
TN:
SF:middleware\securityHeaders.js
FN:9,securityHeaders
FNF:1
FNH:0
FNDA:0,securityHeaders
DA:11,0
DA:14,0
DA:17,0
DA:20,0
DA:23,0
DA:26,0
DA:27,0
DA:30,0
DA:33,0
LF:9
LH:0
BRDA:26,0,0,0
BRDA:26,0,1,0
BRF:2
BRH:0
end_of_record
TN:
SF:middleware\validator.js
FN:11,sanitizeString
FN:21,sanitizeEmail
FN:98,validate
FN:113,sanitize
FNF:4
FNH:0
FNDA:0,sanitizeString
FNDA:0,sanitizeEmail
FNDA:0,validate
FNDA:0,sanitize
DA:5,0
DA:6,0
DA:12,0
DA:13,0
DA:22,0
DA:23,0
DA:29,0
DA:99,0
DA:100,0
DA:101,0
DA:107,0
DA:115,0
DA:116,0
DA:117,0
DA:118,0
DA:124,0
DA:125,0
DA:126,0
DA:127,0
DA:132,0
DA:135,0
LF:21
LH:0
BRDA:12,0,0,0
BRDA:12,0,1,0
BRDA:22,1,0,0
BRDA:22,1,1,0
BRDA:100,2,0,0
BRDA:100,2,1,0
BRDA:115,3,0,0
BRDA:115,3,1,0
BRDA:117,4,0,0
BRDA:117,4,1,0
BRDA:124,5,0,0
BRDA:124,5,1,0
BRDA:126,6,0,0
BRDA:126,6,1,0
BRF:14
BRH:0
end_of_record
TN:
SF:routes\addresses.routes.js
FN:20,(anonymous_0)
FN:69,(anonymous_1)
FN:146,(anonymous_2)
FN:269,(anonymous_3)
FN:313,(anonymous_4)
FN:375,(anonymous_5)
FN:456,(anonymous_6)
FNF:7
FNH:0
FNDA:0,(anonymous_0)
FNDA:0,(anonymous_1)
FNDA:0,(anonymous_2)
FNDA:0,(anonymous_3)
FNDA:0,(anonymous_4)
FNDA:0,(anonymous_5)
FNDA:0,(anonymous_6)
DA:5,0
DA:6,0
DA:7,0
DA:8,0
DA:9,0
DA:10,0
DA:11,0
DA:12,0
DA:20,0
DA:21,0
DA:22,0
DA:24,0
DA:46,0
DA:53,0
DA:54,0
DA:67,0
DA:70,0
DA:71,0
DA:72,0
DA:73,0
DA:80,0
DA:81,0
DA:83,0
DA:105,0
DA:106,0
DA:112,0
DA:119,0
DA:120,0
DA:134,0
DA:147,0
DA:148,0
DA:149,0
DA:150,0
DA:157,0
DA:170,0
DA:173,0
DA:177,0
DA:179,0
DA:180,0
DA:187,0
DA:188,0
DA:195,0
DA:215,0
DA:218,0
DA:224,0
DA:233,0
DA:241,0
DA:242,0
DA:256,0
DA:270,0
DA:271,0
DA:272,0
DA:273,0
DA:280,0
DA:281,0
DA:282,0
DA:285,0
DA:290,0
DA:291,0
DA:298,0
DA:299,0
DA:306,0
DA:310,0
DA:311,0
DA:313,0
DA:314,0
DA:315,0
DA:316,0
DA:320,0
DA:321,0
DA:327,0
DA:329,0
DA:335,0
DA:341,0
DA:350,0
DA:358,0
DA:359,0
DA:373,0
DA:376,0
DA:377,0
DA:378,0
DA:379,0
DA:386,0
DA:387,0
DA:390,0
DA:395,0
DA:396,0
DA:403,0
DA:409,0
DA:415,0
DA:421,0
DA:430,0
DA:438,0
DA:439,0
DA:454,0
DA:457,0
DA:458,0
DA:459,0
DA:460,0
DA:467,0
DA:468,0
DA:471,0
DA:476,0
DA:477,0
DA:483,0
DA:487,0
DA:507,0
DA:513,0
DA:514,0
DA:519,0
DA:520,0
DA:528,0
DA:537,0
DA:542,0
DA:543,0
DA:550,0
LF:116
LH:0
BRDA:72,0,0,0
BRDA:72,0,1,0
BRDA:105,1,0,0
BRDA:105,1,1,0
BRDA:149,2,0,0
BRDA:149,2,1,0
BRDA:159,3,0,0
BRDA:169,4,0,0
BRDA:179,5,0,0
BRDA:179,5,1,0
BRDA:187,6,0,0
BRDA:187,6,1,0
BRDA:205,7,0,0
BRDA:205,7,1,0
BRDA:211,8,0,0
BRDA:211,8,1,0
BRDA:272,9,0,0
BRDA:272,9,1,0
BRDA:290,10,0,0
BRDA:290,10,1,0
BRDA:298,11,0,0
BRDA:298,11,1,0
BRDA:314,12,0,0
BRDA:314,12,1,0
BRDA:320,13,0,0
BRDA:320,13,1,0
BRDA:378,14,0,0
BRDA:378,14,1,0
BRDA:395,15,0,0
BRDA:395,15,1,0
BRDA:459,16,0,0
BRDA:459,16,1,0
BRDA:476,17,0,0
BRDA:476,17,1,0
BRDA:513,18,0,0
BRDA:513,18,1,0
BRDA:519,19,0,0
BRDA:519,19,1,0
BRF:38
BRH:0
end_of_record
TN:
SF:routes\admin.routes.js
FN:20,(anonymous_0)
FN:121,(anonymous_1)
FN:133,(anonymous_2)
FN:162,(anonymous_3)
FN:222,(anonymous_4)
FN:254,(anonymous_5)
FN:327,(anonymous_6)
FN:350,(anonymous_7)
FN:354,(anonymous_8)
FN:359,(anonymous_9)
FN:391,(anonymous_10)
FN:430,(anonymous_11)
FN:499,(anonymous_12)
FN:530,(anonymous_13)
FN:586,(anonymous_14)
FN:588,(anonymous_15)
FN:633,(anonymous_16)
FN:736,(anonymous_17)
FN:772,(anonymous_18)
FN:851,(anonymous_19)
FN:852,(anonymous_20)
FN:853,(anonymous_21)
FN:854,(anonymous_22)
FN:898,(anonymous_23)
FN:908,(anonymous_24)
FN:918,(anonymous_25)
FN:928,(anonymous_26)
FN:955,(anonymous_27)
FN:995,formatTimeAgo
FN:1021,(anonymous_29)
FNF:30
FNH:0
FNDA:0,(anonymous_0)
FNDA:0,(anonymous_1)
FNDA:0,(anonymous_2)
FNDA:0,(anonymous_3)
FNDA:0,(anonymous_4)
FNDA:0,(anonymous_5)
FNDA:0,(anonymous_6)
FNDA:0,(anonymous_7)
FNDA:0,(anonymous_8)
FNDA:0,(anonymous_9)
FNDA:0,(anonymous_10)
FNDA:0,(anonymous_11)
FNDA:0,(anonymous_12)
FNDA:0,(anonymous_13)
FNDA:0,(anonymous_14)
FNDA:0,(anonymous_15)
FNDA:0,(anonymous_16)
FNDA:0,(anonymous_17)
FNDA:0,(anonymous_18)
FNDA:0,(anonymous_19)
FNDA:0,(anonymous_20)
FNDA:0,(anonymous_21)
FNDA:0,(anonymous_22)
FNDA:0,(anonymous_23)
FNDA:0,(anonymous_24)
FNDA:0,(anonymous_25)
FNDA:0,(anonymous_26)
FNDA:0,(anonymous_27)
FNDA:0,formatTimeAgo
FNDA:0,(anonymous_29)
DA:6,0
DA:7,0
DA:8,0
DA:9,0
DA:10,0
DA:11,0
DA:12,0
DA:13,0
DA:14,0
DA:20,0
DA:21,0
DA:22,0
DA:23,0
DA:24,0
DA:27,0
DA:36,0
DA:45,0
DA:52,0
DA:59,0
DA:67,0
DA:75,0
DA:76,0
DA:77,0
DA:85,0
DA:86,0
DA:90,0
DA:106,0
DA:121,0
DA:133,0
DA:143,0
DA:145,0
DA:150,0
DA:162,0
DA:163,0
DA:164,0
DA:165,0
DA:166,0
DA:167,0
DA:168,0
DA:170,0
DA:187,0
DA:189,0
DA:190,0
DA:191,0
DA:194,0
DA:195,0
DA:196,0
DA:197,0
DA:200,0
DA:201,0
DA:203,0
DA:206,0
DA:207,0
DA:208,0
DA:209,0
DA:210,0
DA:212,0
DA:213,0
DA:214,0
DA:215,0
DA:217,0
DA:219,0
DA:222,0
DA:242,0
DA:243,0
DA:254,0
DA:255,0
DA:256,0
DA:257,0
DA:259,0
DA:260,0
DA:267,0
DA:268,0
DA:269,0
DA:276,0
DA:278,0
DA:279,0
DA:286,0
DA:292,0
DA:306,0
DA:315,0
DA:316,0
DA:327,0
DA:328,0
DA:329,0
DA:330,0
DA:331,0
DA:332,0
DA:333,0
DA:334,0
DA:335,0
DA:336,0
DA:338,0
DA:339,0
DA:350,0
DA:351,0
DA:352,0
DA:353,0
DA:354,0
DA:358,0
DA:359,0
DA:360,0
DA:364,0
DA:365,0
DA:366,0
DA:367,0
DA:368,0
DA:370,0
DA:371,0
DA:372,0
DA:374,0
DA:375,0
DA:376,0
DA:378,0
DA:379,0
DA:380,0
DA:382,0
DA:383,0
DA:384,0
DA:386,0
DA:388,0
DA:391,0
DA:412,0
DA:413,0
DA:424,0
DA:431,0
DA:432,0
DA:433,0
DA:434,0
DA:440,0
DA:441,0
DA:442,0
DA:443,0
DA:444,0
DA:445,0
DA:448,0
DA:461,0
DA:464,0
DA:465,0
DA:466,0
DA:467,0
DA:471,0
DA:472,0
DA:473,0
DA:476,0
DA:477,0
DA:479,0
DA:482,0
DA:483,0
DA:484,0
DA:485,0
DA:486,0
DA:487,0
DA:489,0
DA:490,0
DA:491,0
DA:493,0
DA:496,0
DA:499,0
DA:518,0
DA:519,0
DA:530,0
DA:531,0
DA:532,0
DA:533,0
DA:534,0
DA:535,0
DA:537,0
DA:554,0
DA:556,0
DA:557,0
DA:558,0
DA:561,0
DA:562,0
DA:564,0
DA:567,0
DA:568,0
DA:569,0
DA:570,0
DA:571,0
DA:573,0
DA:576,0
DA:586,0
DA:587,0
DA:588,0
DA:590,0
DA:603,0
DA:621,0
DA:622,0
DA:633,0
DA:634,0
DA:636,0
DA:642,0
DA:643,0
DA:644,0
DA:646,0
DA:654,0
DA:655,0
DA:656,0
DA:658,0
DA:667,0
DA:668,0
DA:669,0
DA:670,0
DA:677,0
DA:681,0
DA:682,0
DA:683,0
DA:684,0
DA:691,0
DA:695,0
DA:696,0
DA:697,0
DA:703,0
DA:705,0
DA:713,0
DA:715,0
DA:716,0
DA:717,0
DA:718,0
DA:721,0
DA:722,0
DA:724,0
DA:727,0
DA:728,0
DA:729,0
DA:730,0
DA:731,0
DA:732,0
DA:734,0
DA:736,0
DA:747,0
DA:760,0
DA:761,0
DA:772,0
DA:773,0
DA:774,0
DA:775,0
DA:776,0
DA:777,0
DA:778,0
DA:779,0
DA:780,0
DA:784,0
DA:801,0
DA:818,0
DA:834,0
DA:851,0
DA:852,0
DA:853,0
DA:854,0
DA:856,0
DA:896,0
DA:897,0
DA:898,0
DA:907,0
DA:908,0
DA:917,0
DA:918,0
DA:927,0
DA:928,0
DA:939,0
DA:955,0
DA:956,0
DA:957,0
DA:958,0
DA:959,0
DA:961,0
DA:962,0
DA:963,0
DA:964,0
DA:966,0
DA:978,0
DA:986,0
DA:987,0
DA:996,0
DA:997,0
DA:998,0
DA:999,0
DA:1000,0
DA:1001,0
DA:1002,0
DA:1004,0
DA:1005,0
DA:1006,0
DA:1007,0
DA:1008,0
DA:1014,0
DA:1015,0
DA:1021,0
DA:1022,0
DA:1023,0
DA:1042,0
DA:1043,0
DA:1047,0
DA:1050,0
DA:1057,0
DA:1058,0
DA:1065,0
LF:299
LH:0
BRDA:111,0,0,0
BRDA:111,0,1,0
BRDA:112,1,0,0
BRDA:112,1,1,0
BRDA:115,2,0,0
BRDA:115,2,1,0
BRDA:116,3,0,0
BRDA:116,3,1,0
BRDA:119,4,0,0
BRDA:119,4,1,0
BRDA:127,5,0,0
BRDA:127,5,1,0
BRDA:128,6,0,0
BRDA:128,6,1,0
BRDA:131,7,0,0
BRDA:131,7,1,0
BRDA:153,8,0,0
BRDA:153,8,1,0
BRDA:164,9,0,0
BRDA:164,9,1,0
BRDA:165,10,0,0
BRDA:165,10,1,0
BRDA:189,11,0,0
BRDA:189,11,1,0
BRDA:194,12,0,0
BRDA:194,12,1,0
BRDA:208,13,0,0
BRDA:208,13,1,0
BRDA:212,14,0,0
BRDA:212,14,1,0
BRDA:225,15,0,0
BRDA:225,15,1,0
BRDA:226,16,0,0
BRDA:226,16,1,0
BRDA:259,17,0,0
BRDA:259,17,1,0
BRDA:268,18,0,0
BRDA:268,18,1,0
BRDA:278,19,0,0
BRDA:278,19,1,0
BRDA:329,20,0,0
BRDA:329,20,1,0
BRDA:330,21,0,0
BRDA:330,21,1,0
BRDA:340,22,0,0
BRDA:340,22,1,0
BRDA:352,23,0,0
BRDA:352,23,1,0
BRDA:366,24,0,0
BRDA:366,24,1,0
BRDA:370,25,0,0
BRDA:370,25,1,0
BRDA:374,26,0,0
BRDA:374,26,1,0
BRDA:378,27,0,0
BRDA:378,27,1,0
BRDA:382,28,0,0
BRDA:382,28,1,0
BRDA:393,29,0,0
BRDA:393,29,1,0
BRDA:393,30,0,0
BRDA:393,30,1,0
BRDA:433,31,0,0
BRDA:433,31,1,0
BRDA:440,32,0,0
BRDA:440,32,1,0
BRDA:441,33,0,0
BRDA:441,33,1,0
BRDA:464,34,0,0
BRDA:464,34,1,0
BRDA:471,35,0,0
BRDA:471,35,1,0
BRDA:484,36,0,0
BRDA:484,36,1,0
BRDA:489,37,0,0
BRDA:489,37,1,0
BRDA:503,38,0,0
BRDA:503,38,1,0
BRDA:505,39,0,0
BRDA:505,39,1,0
BRDA:506,40,0,0
BRDA:506,40,1,0
BRDA:532,41,0,0
BRDA:532,41,1,0
BRDA:533,42,0,0
BRDA:533,42,1,0
BRDA:556,43,0,0
BRDA:556,43,1,0
BRDA:558,44,0,0
BRDA:558,44,1,0
BRDA:569,45,0,0
BRDA:569,45,1,0
BRDA:571,46,0,0
BRDA:571,46,1,0
BRDA:587,47,0,0
BRDA:587,47,1,0
BRDA:593,48,0,0
BRDA:593,48,1,0
BRDA:594,49,0,0
BRDA:594,49,1,0
BRDA:598,50,0,0
BRDA:598,50,1,0
BRDA:598,51,0,0
BRDA:598,51,1,0
BRDA:598,52,0,0
BRDA:598,52,1,0
BRDA:609,53,0,0
BRDA:609,53,1,0
BRDA:610,54,0,0
BRDA:610,54,1,0
BRDA:610,55,0,0
BRDA:610,55,1,0
BRDA:654,56,0,0
BRDA:654,56,1,0
BRDA:655,57,0,0
BRDA:655,57,1,0
BRDA:656,58,0,0
BRDA:656,58,1,0
BRDA:667,59,0,0
BRDA:667,59,1,0
BRDA:668,60,0,0
BRDA:668,60,1,0
BRDA:668,61,0,0
BRDA:668,61,1,0
BRDA:681,62,0,0
BRDA:681,62,1,0
BRDA:682,63,0,0
BRDA:682,63,1,0
BRDA:682,64,0,0
BRDA:682,64,1,0
BRDA:682,64,2,0
BRDA:695,65,0,0
BRDA:695,65,1,0
BRDA:695,66,0,0
BRDA:695,66,1,0
BRDA:715,67,0,0
BRDA:715,67,1,0
BRDA:717,68,0,0
BRDA:717,68,1,0
BRDA:729,69,0,0
BRDA:729,69,1,0
BRDA:731,70,0,0
BRDA:731,70,1,0
BRDA:741,71,0,0
BRDA:741,71,1,0
BRDA:742,72,0,0
BRDA:742,72,1,0
BRDA:743,73,0,0
BRDA:743,73,1,0
BRDA:743,74,0,0
BRDA:743,74,1,0
BRDA:743,74,2,0
BRDA:851,75,0,0
BRDA:851,75,1,0
BRDA:852,76,0,0
BRDA:852,76,1,0
BRDA:853,77,0,0
BRDA:853,77,1,0
BRDA:854,78,0,0
BRDA:854,78,1,0
BRDA:897,79,0,0
BRDA:897,79,1,0
BRDA:902,80,0,0
BRDA:902,80,1,0
BRDA:903,81,0,0
BRDA:903,81,1,0
BRDA:907,82,0,0
BRDA:907,82,1,0
BRDA:912,83,0,0
BRDA:912,83,1,0
BRDA:913,84,0,0
BRDA:913,84,1,0
BRDA:917,85,0,0
BRDA:917,85,1,0
BRDA:922,86,0,0
BRDA:922,86,1,0
BRDA:923,87,0,0
BRDA:923,87,1,0
BRDA:927,88,0,0
BRDA:927,88,1,0
BRDA:932,89,0,0
BRDA:932,89,1,0
BRDA:933,90,0,0
BRDA:933,90,1,0
BRDA:957,91,0,0
BRDA:957,91,1,0
BRDA:961,92,0,0
BRDA:961,92,1,0
BRDA:961,93,0,0
BRDA:961,93,1,0
BRDA:962,94,0,0
BRDA:962,94,1,0
BRDA:963,95,0,0
BRDA:963,95,1,0
BRDA:964,96,0,0
BRDA:964,96,1,0
BRDA:964,97,0,0
BRDA:964,97,1,0
BRDA:971,98,0,0
BRDA:971,98,1,0
BRDA:996,99,0,0
BRDA:996,99,1,0
BRDA:1004,100,0,0
BRDA:1004,100,1,0
BRDA:1005,101,0,0
BRDA:1005,101,1,0
BRDA:1006,102,0,0
BRDA:1006,102,1,0
BRDA:1047,103,0,0
BRDA:1047,103,1,0
BRF:210
BRH:0
end_of_record
TN:
SF:routes\appConfig.routes.js
FN:17,(anonymous_0)
FN:46,(anonymous_1)
FN:67,(anonymous_2)
FNF:3
FNH:0
FNDA:0,(anonymous_0)
FNDA:0,(anonymous_1)
FNDA:0,(anonymous_2)
DA:6,0
DA:7,0
DA:8,0
DA:9,0
DA:10,0
DA:11,0
DA:17,0
DA:18,0
DA:19,0
DA:21,0
DA:22,0
DA:29,0
DA:34,0
DA:35,0
DA:46,0
DA:47,0
DA:48,0
DA:50,0
DA:55,0
DA:56,0
DA:67,0
DA:68,0
DA:69,0
DA:71,0
DA:77,0
DA:78,0
DA:85,0
LF:27
LH:0
BRDA:21,0,0,0
BRDA:21,0,1,0
BRF:2
BRH:0
end_of_record
TN:
SF:routes\auth.routes.js
FN:25,(anonymous_0)
FN:124,(anonymous_1)
FN:250,(anonymous_2)
FN:278,(anonymous_3)
FN:302,(anonymous_4)
FN:349,(anonymous_5)
FN:388,(anonymous_6)
FNF:7
FNH:0
FNDA:0,(anonymous_0)
FNDA:0,(anonymous_1)
FNDA:0,(anonymous_2)
FNDA:0,(anonymous_3)
FNDA:0,(anonymous_4)
FNDA:0,(anonymous_5)
FNDA:0,(anonymous_6)
DA:5,1
DA:6,1
DA:7,1
DA:8,1
DA:9,1
DA:10,1
DA:11,1
DA:12,1
DA:13,1
DA:14,1
DA:15,1
DA:16,1
DA:21,1
DA:26,0
DA:28,0
DA:29,0
DA:30,0
DA:37,0
DA:40,0
DA:45,0
DA:46,0
DA:53,0
DA:56,0
DA:62,0
DA:63,0
DA:64,0
DA:71,0
DA:78,0
DA:84,0
DA:99,0
DA:101,0
DA:110,0
DA:111,0
DA:121,1
DA:125,0
DA:127,0
DA:128,0
DA:129,0
DA:136,0
DA:139,0
DA:152,0
DA:157,0
DA:159,0
DA:160,0
DA:163,0
DA:166,0
DA:168,0
DA:169,0
DA:173,0
DA:174,0
DA:175,0
DA:182,0
DA:183,0
DA:184,0
DA:191,0
DA:198,0
DA:201,0
DA:202,0
DA:205,0
DA:206,0
DA:208,0
DA:209,0
DA:210,0
DA:211,0
DA:213,0
DA:218,0
DA:221,0
DA:223,0
DA:238,0
DA:239,0
DA:250,1
DA:251,0
DA:252,0
DA:253,0
DA:254,0
DA:255,0
DA:259,0
DA:261,0
DA:266,0
DA:267,0
DA:278,1
DA:279,0
DA:280,0
DA:287,0
DA:288,0
DA:300,1
DA:303,0
DA:304,0
DA:305,0
DA:306,0
DA:313,0
DA:314,0
DA:315,0
DA:318,0
DA:325,0
DA:326,0
DA:329,0
DA:332,0
DA:333,0
DA:336,0
DA:342,0
DA:348,0
DA:350,0
DA:355,0
DA:366,0
DA:371,0
DA:373,0
DA:385,1
DA:389,0
DA:390,0
DA:391,0
DA:392,0
DA:399,0
DA:402,0
DA:411,0
DA:412,0
DA:418,0
DA:419,0
DA:422,0
DA:425,0
DA:431,0
DA:437,0
DA:443,0
DA:452,0
DA:457,0
DA:458,0
DA:465,1
LF:127
LH:19
BRDA:29,0,0,0
BRDA:29,0,1,0
BRDA:45,1,0,0
BRDA:45,1,1,0
BRDA:62,2,0,0
BRDA:62,2,1,0
BRDA:74,3,0,0
BRDA:74,3,1,0
BRDA:128,4,0,0
BRDA:128,4,1,0
BRDA:157,5,0,0
BRDA:157,5,1,0
BRDA:168,6,0,0
BRDA:168,6,1,0
BRDA:173,7,0,0
BRDA:173,7,1,0
BRDA:182,8,0,0
BRDA:182,8,1,0
BRDA:194,9,0,0
BRDA:194,9,1,0
BRDA:201,10,0,0
BRDA:201,10,1,0
BRDA:202,11,0,0
BRDA:202,11,1,0
BRDA:205,12,0,0
BRDA:205,12,1,0
BRDA:206,13,0,0
BRDA:206,13,1,0
BRDA:206,14,0,0
BRDA:206,14,1,0
BRDA:208,15,0,0
BRDA:208,15,1,0
BRDA:210,16,0,0
BRDA:210,16,1,0
BRDA:213,17,0,0
BRDA:213,17,1,0
BRDA:213,17,2,0
BRDA:253,18,0,0
BRDA:253,18,1,0
BRDA:253,19,0,0
BRDA:253,19,1,0
BRDA:305,20,0,0
BRDA:305,20,1,0
BRDA:325,21,0,0
BRDA:325,21,1,0
BRDA:344,22,0,0
BRDA:344,22,1,0
BRDA:391,23,0,0
BRDA:391,23,1,0
BRDA:411,24,0,0
BRDA:411,24,1,0
BRF:51
BRH:0
end_of_record
TN:
SF:routes\cart.routes.js
FN:22,(anonymous_0)
FN:72,(anonymous_1)
FN:156,(anonymous_2)
FN:216,(anonymous_3)
FN:265,(anonymous_4)
FN:314,(anonymous_5)
FNF:6
FNH:0
FNDA:0,(anonymous_0)
FNDA:0,(anonymous_1)
FNDA:0,(anonymous_2)
FNDA:0,(anonymous_3)
FNDA:0,(anonymous_4)
FNDA:0,(anonymous_5)
DA:5,0
DA:6,0
DA:7,0
DA:8,0
DA:9,0
DA:10,0
DA:11,0
DA:12,0
DA:13,0
DA:14,0
DA:15,0
DA:16,0
DA:22,0
DA:23,0
DA:24,0
DA:25,0
DA:28,0
DA:31,0
DA:34,0
DA:35,0
DA:36,0
DA:40,0
DA:47,0
DA:48,0
DA:50,0
DA:53,0
DA:55,0
DA:56,0
DA:67,0
DA:73,0
DA:74,0
DA:75,0
DA:76,0
DA:83,0
DA:84,0
DA:85,0
DA:88,0
DA:89,0
DA:96,0
DA:99,0
DA:107,0
DA:108,0
DA:119,0
DA:120,0
DA:124,0
DA:126,0
DA:132,0
DA:135,0
DA:136,0
DA:142,0
DA:153,0
DA:157,0
DA:158,0
DA:159,0
DA:160,0
DA:167,0
DA:168,0
DA:169,0
DA:172,0
DA:173,0
DA:180,0
DA:183,0
DA:186,0
DA:188,0
DA:194,0
DA:196,0
DA:197,0
DA:203,0
DA:214,0
DA:217,0
DA:218,0
DA:219,0
DA:220,0
DA:227,0
DA:228,0
DA:231,0
DA:232,0
DA:239,0
DA:242,0
DA:245,0
DA:247,0
DA:253,0
DA:254,0
DA:265,0
DA:266,0
DA:267,0
DA:268,0
DA:271,0
DA:272,0
DA:279,0
DA:282,0
DA:285,0
DA:286,0
DA:289,0
DA:299,0
DA:300,0
DA:312,0
DA:315,0
DA:316,0
DA:317,0
DA:318,0
DA:325,0
DA:328,0
DA:331,0
DA:340,0
DA:346,0
DA:347,0
DA:354,0
LF:108
LH:0
BRDA:24,0,0,0
BRDA:24,0,1,0
BRDA:25,1,0,0
BRDA:25,1,1,0
BRDA:34,2,0,0
BRDA:34,2,1,0
BRDA:35,3,0,0
BRDA:35,3,1,0
BRDA:47,4,0,0
BRDA:47,4,1,0
BRDA:47,5,0,0
BRDA:47,5,1,0
BRDA:47,5,2,0
BRDA:75,6,0,0
BRDA:75,6,1,0
BRDA:83,7,0,0
BRDA:83,7,1,0
BRDA:84,8,0,0
BRDA:84,8,1,0
BRDA:88,9,0,0
BRDA:88,9,1,0
BRDA:88,10,0,0
BRDA:88,10,1,0
BRDA:101,11,0,0
BRDA:101,11,1,0
BRDA:107,12,0,0
BRDA:107,12,1,0
BRDA:119,13,0,0
BRDA:119,13,1,0
BRDA:120,14,0,0
BRDA:120,14,1,0
BRDA:135,15,0,0
BRDA:135,15,1,0
BRDA:135,16,0,0
BRDA:135,16,1,0
BRDA:144,17,0,0
BRDA:144,17,1,0
BRDA:159,18,0,0
BRDA:159,18,1,0
BRDA:167,19,0,0
BRDA:167,19,1,0
BRDA:172,20,0,0
BRDA:172,20,1,0
BRDA:183,21,0,0
BRDA:183,21,1,0
BRDA:196,22,0,0
BRDA:196,22,1,0
BRDA:196,23,0,0
BRDA:196,23,1,0
BRDA:205,24,0,0
BRDA:205,24,1,0
BRDA:219,25,0,0
BRDA:219,25,1,0
BRDA:227,26,0,0
BRDA:227,26,1,0
BRDA:231,27,0,0
BRDA:231,27,1,0
BRDA:242,28,0,0
BRDA:242,28,1,0
BRDA:256,29,0,0
BRDA:256,29,1,0
BRDA:267,30,0,0
BRDA:267,30,1,0
BRDA:268,31,0,0
BRDA:268,31,1,0
BRDA:271,32,0,0
BRDA:271,32,1,0
BRDA:271,33,0,0
BRDA:271,33,1,0
BRDA:285,34,0,0
BRDA:285,34,1,0
BRDA:286,35,0,0
BRDA:286,35,1,0
BRDA:302,36,0,0
BRDA:302,36,1,0
BRDA:317,37,0,0
BRDA:317,37,1,0
BRDA:349,38,0,0
BRDA:349,38,1,0
BRF:79
BRH:0
end_of_record
TN:
SF:routes\categories.routes.js
FN:26,(anonymous_0)
FN:28,(anonymous_1)
FN:59,(anonymous_2)
FN:90,(anonymous_3)
FN:92,(anonymous_4)
FN:176,(anonymous_5)
FN:211,(anonymous_6)
FN:217,(anonymous_7)
FN:254,(anonymous_8)
FN:292,(anonymous_9)
FN:384,(anonymous_10)
FN:389,(anonymous_11)
FN:428,(anonymous_12)
FN:478,(anonymous_13)
FN:547,(anonymous_14)
FN:593,(anonymous_15)
FN:595,(anonymous_16)
FN:679,(anonymous_17)
FN:713,(anonymous_18)
FN:827,(anonymous_19)
FN:907,(anonymous_20)
FN:967,(anonymous_21)
FN:1028,(anonymous_22)
FN:1105,(anonymous_23)
FNF:24
FNH:0
FNDA:0,(anonymous_0)
FNDA:0,(anonymous_1)
FNDA:0,(anonymous_2)
FNDA:0,(anonymous_3)
FNDA:0,(anonymous_4)
FNDA:0,(anonymous_5)
FNDA:0,(anonymous_6)
FNDA:0,(anonymous_7)
FNDA:0,(anonymous_8)
FNDA:0,(anonymous_9)
FNDA:0,(anonymous_10)
FNDA:0,(anonymous_11)
FNDA:0,(anonymous_12)
FNDA:0,(anonymous_13)
FNDA:0,(anonymous_14)
FNDA:0,(anonymous_15)
FNDA:0,(anonymous_16)
FNDA:0,(anonymous_17)
FNDA:0,(anonymous_18)
FNDA:0,(anonymous_19)
FNDA:0,(anonymous_20)
FNDA:0,(anonymous_21)
FNDA:0,(anonymous_22)
FNDA:0,(anonymous_23)
DA:5,0
DA:6,0
DA:7,0
DA:8,0
DA:9,0
DA:10,0
DA:11,0
DA:12,0
DA:13,0
DA:14,0
DA:15,0
DA:16,0
DA:24,0
DA:26,0
DA:29,0
DA:31,0
DA:56,0
DA:59,0
DA:64,0
DA:72,0
DA:73,0
DA:86,0
DA:90,0
DA:93,0
DA:94,0
DA:95,0
DA:96,0
DA:103,0
DA:105,0
DA:124,0
DA:125,0
DA:131,0
DA:134,0
DA:137,0
DA:138,0
DA:139,0
DA:145,0
DA:146,0
DA:151,0
DA:168,0
DA:170,0
DA:176,0
DA:186,0
DA:187,0
DA:201,0
DA:212,0
DA:213,0
DA:214,0
DA:218,0
DA:219,0
DA:220,0
DA:221,0
DA:228,0
DA:236,0
DA:237,0
DA:240,0
DA:244,0
DA:245,0
DA:251,0
DA:254,0
DA:255,0
DA:259,0
DA:260,0
DA:261,0
DA:262,0
DA:264,0
DA:267,0
DA:270,0
DA:292,0
DA:294,0
DA:297,0
DA:298,0
DA:299,0
DA:301,0
DA:302,0
DA:303,0
DA:305,0
DA:306,0
DA:308,0
DA:309,0
DA:310,0
DA:311,0
DA:315,0
DA:316,0
DA:317,0
DA:320,0
DA:321,0
DA:323,0
DA:326,0
DA:327,0
DA:328,0
DA:329,0
DA:332,0
DA:340,0
DA:341,0
DA:342,0
DA:346,0
DA:359,0
DA:360,0
DA:374,0
DA:385,0
DA:386,0
DA:390,0
DA:391,0
DA:392,0
DA:393,0
DA:400,0
DA:408,0
DA:409,0
DA:412,0
DA:417,0
DA:418,0
DA:425,0
DA:428,0
DA:429,0
DA:431,0
DA:432,0
DA:433,0
DA:436,0
DA:437,0
DA:438,0
DA:441,0
DA:442,0
DA:445,0
DA:446,0
DA:447,0
DA:448,0
DA:452,0
DA:478,0
DA:479,0
DA:481,0
DA:482,0
DA:483,0
DA:485,0
DA:486,0
DA:487,0
DA:489,0
DA:490,0
DA:492,0
DA:493,0
DA:494,0
DA:495,0
DA:498,0
DA:502,0
DA:505,0
DA:506,0
DA:510,0
DA:513,0
DA:531,0
DA:532,0
DA:547,0
DA:548,0
DA:549,0
DA:560,0
DA:561,0
DA:565,0
DA:568,0
DA:575,0
DA:576,0
DA:589,0
DA:593,0
DA:596,0
DA:597,0
DA:598,0
DA:599,0
DA:606,0
DA:608,0
DA:627,0
DA:628,0
DA:634,0
DA:637,0
DA:640,0
DA:641,0
DA:642,0
DA:648,0
DA:649,0
DA:654,0
DA:671,0
DA:673,0
DA:679,0
DA:689,0
DA:690,0
DA:703,0
DA:714,0
DA:715,0
DA:716,0
DA:717,0
DA:734,0
DA:737,0
DA:740,0
DA:745,0
DA:746,0
DA:753,0
DA:754,0
DA:755,0
DA:756,0
DA:764,0
DA:782,0
DA:783,0
DA:786,0
DA:792,0
DA:794,0
DA:802,0
DA:803,0
DA:816,0
DA:828,0
DA:829,0
DA:830,0
DA:831,0
DA:838,0
DA:839,0
DA:842,0
DA:847,0
DA:848,0
DA:855,0
DA:856,0
DA:860,0
DA:861,0
DA:869,0
DA:871,0
DA:872,0
DA:879,0
DA:880,0
DA:881,0
DA:882,0
DA:889,0
DA:890,0
DA:891,0
DA:900,0
DA:904,0
DA:905,0
DA:907,0
DA:908,0
DA:909,0
DA:910,0
DA:914,0
DA:915,0
DA:921,0
DA:922,0
DA:924,0
DA:930,0
DA:931,0
DA:934,0
DA:940,0
DA:942,0
DA:950,0
DA:951,0
DA:964,0
DA:968,0
DA:969,0
DA:970,0
DA:971,0
DA:978,0
DA:979,0
DA:982,0
DA:987,0
DA:988,0
DA:995,0
DA:1001,0
DA:1004,0
DA:1006,0
DA:1011,0
DA:1012,0
DA:1025,0
DA:1029,0
DA:1030,0
DA:1031,0
DA:1032,0
DA:1039,0
DA:1040,0
DA:1043,0
DA:1048,0
DA:1049,0
DA:1056,0
DA:1057,0
DA:1062,0
DA:1063,0
DA:1071,0
DA:1077,0
DA:1078,0
DA:1081,0
DA:1083,0
DA:1088,0
DA:1089,0
DA:1103,0
DA:1106,0
DA:1107,0
DA:1108,0
DA:1109,0
DA:1116,0
DA:1119,0
DA:1124,0
DA:1125,0
DA:1132,0
DA:1137,0
DA:1138,0
DA:1145,0
DA:1150,0
DA:1151,0
DA:1158,0
DA:1164,0
DA:1165,0
DA:1168,0
DA:1170,0
DA:1175,0
DA:1176,0
DA:1183,0
LF:307
LH:0
BRDA:25,0,0,0
BRDA:25,0,1,0
BRDA:61,1,0,0
BRDA:61,1,1,0
BRDA:89,2,0,0
BRDA:89,2,1,0
BRDA:95,3,0,0
BRDA:95,3,1,0
BRDA:124,4,0,0
BRDA:124,4,1,0
BRDA:138,5,0,0
BRDA:138,5,1,0
BRDA:145,6,0,0
BRDA:145,6,1,0
BRDA:178,7,0,0
BRDA:178,7,1,0
BRDA:210,8,0,0
BRDA:210,8,1,0
BRDA:212,9,0,0
BRDA:212,10,0,0
BRDA:214,11,0,0
BRDA:214,11,1,0
BRDA:214,12,0,0
BRDA:214,12,1,0
BRDA:214,13,0,0
BRDA:214,13,1,0
BRDA:214,14,0,0
BRDA:214,14,1,0
BRDA:220,15,0,0
BRDA:220,15,1,0
BRDA:230,16,0,0
BRDA:231,17,0,0
BRDA:244,18,0,0
BRDA:244,18,1,0
BRDA:297,19,0,0
BRDA:297,19,1,0
BRDA:301,20,0,0
BRDA:301,20,1,0
BRDA:305,21,0,0
BRDA:305,21,1,0
BRDA:305,22,0,0
BRDA:305,22,1,0
BRDA:308,23,0,0
BRDA:308,23,1,0
BRDA:310,24,0,0
BRDA:310,24,1,0
BRDA:327,25,0,0
BRDA:327,25,1,0
BRDA:328,26,0,0
BRDA:328,26,1,0
BRDA:329,27,0,0
BRDA:329,27,1,0
BRDA:340,28,0,0
BRDA:340,28,1,0
BRDA:383,29,0,0
BRDA:383,29,1,0
BRDA:385,30,0,0
BRDA:385,31,0,0
BRDA:386,32,0,0
BRDA:386,32,1,0
BRDA:386,33,0,0
BRDA:386,33,1,0
BRDA:386,34,0,0
BRDA:386,34,1,0
BRDA:386,35,0,0
BRDA:386,35,1,0
BRDA:392,36,0,0
BRDA:392,36,1,0
BRDA:402,37,0,0
BRDA:403,38,0,0
BRDA:417,39,0,0
BRDA:417,39,1,0
BRDA:431,40,0,0
BRDA:431,40,1,0
BRDA:436,41,0,0
BRDA:436,41,1,0
BRDA:441,42,0,0
BRDA:441,42,1,0
BRDA:445,43,0,0
BRDA:445,43,1,0
BRDA:447,44,0,0
BRDA:447,44,1,0
BRDA:481,45,0,0
BRDA:481,45,1,0
BRDA:485,46,0,0
BRDA:485,46,1,0
BRDA:489,47,0,0
BRDA:489,47,1,0
BRDA:492,48,0,0
BRDA:492,48,1,0
BRDA:494,49,0,0
BRDA:494,49,1,0
BRDA:510,50,0,0
BRDA:510,50,1,0
BRDA:565,51,0,0
BRDA:565,51,1,0
BRDA:592,52,0,0
BRDA:592,52,1,0
BRDA:598,53,0,0
BRDA:598,53,1,0
BRDA:627,54,0,0
BRDA:627,54,1,0
BRDA:641,55,0,0
BRDA:641,55,1,0
BRDA:648,56,0,0
BRDA:648,56,1,0
BRDA:681,57,0,0
BRDA:681,57,1,0
BRDA:716,58,0,0
BRDA:716,58,1,0
BRDA:730,59,0,0
BRDA:731,60,0,0
BRDA:737,61,0,0
BRDA:737,61,1,0
BRDA:745,62,0,0
BRDA:745,62,1,0
BRDA:753,63,0,0
BRDA:753,63,1,0
BRDA:755,64,0,0
BRDA:755,64,1,0
BRDA:772,65,0,0
BRDA:772,65,1,0
BRDA:773,66,0,0
BRDA:773,66,1,0
BRDA:774,67,0,0
BRDA:774,67,1,0
BRDA:777,68,0,0
BRDA:777,68,1,0
BRDA:778,69,0,0
BRDA:778,69,1,0
BRDA:830,70,0,0
BRDA:830,70,1,0
BRDA:847,71,0,0
BRDA:847,71,1,0
BRDA:855,72,0,0
BRDA:855,72,1,0
BRDA:855,73,0,0
BRDA:855,73,1,0
BRDA:860,74,0,0
BRDA:860,74,1,0
BRDA:869,75,0,0
BRDA:869,75,1,0
BRDA:871,76,0,0
BRDA:871,76,1,0
BRDA:879,77,0,0
BRDA:879,77,1,0
BRDA:881,78,0,0
BRDA:881,78,1,0
BRDA:890,79,0,0
BRDA:890,79,1,0
BRDA:908,80,0,0
BRDA:908,80,1,0
BRDA:910,81,0,0
BRDA:910,81,1,0
BRDA:910,82,0,0
BRDA:910,82,1,0
BRDA:914,83,0,0
BRDA:914,83,1,0
BRDA:970,84,0,0
BRDA:970,84,1,0
BRDA:987,85,0,0
BRDA:987,85,1,0
BRDA:1031,86,0,0
BRDA:1031,86,1,0
BRDA:1048,87,0,0
BRDA:1048,87,1,0
BRDA:1056,88,0,0
BRDA:1056,88,1,0
BRDA:1062,89,0,0
BRDA:1062,89,1,0
BRDA:1085,90,0,0
BRDA:1085,90,1,0
BRDA:1108,91,0,0
BRDA:1108,91,1,0
BRDA:1124,92,0,0
BRDA:1124,92,1,0
BRDA:1137,93,0,0
BRDA:1137,93,1,0
BRDA:1150,94,0,0
BRDA:1150,94,1,0
BRF:180
BRH:0
end_of_record
TN:
SF:routes\checkout.routes.js
FN:36,(anonymous_0)
FNF:1
FNH:0
FNDA:0,(anonymous_0)
DA:5,0
DA:6,0
DA:7,0
DA:8,0
DA:9,0
DA:10,0
DA:11,0
DA:12,0
DA:13,0
DA:14,0
DA:21,0
DA:37,0
DA:38,0
DA:39,0
DA:40,0
DA:47,0
DA:50,0
DA:52,0
DA:53,0
DA:60,0
DA:63,0
DA:66,0
DA:69,0
DA:74,0
DA:85,0
DA:92,0
DA:94,0
DA:102,0
DA:105,0
DA:106,0
DA:112,0
DA:119,0
LF:32
LH:0
BRDA:39,0,0,0
BRDA:39,0,1,0
BRDA:52,1,0,0
BRDA:52,1,1,0
BRDA:52,2,0,0
BRDA:52,2,1,0
BRDA:60,3,0,0
BRDA:60,3,1,0
BRDA:63,4,0,0
BRDA:63,4,1,0
BRDA:66,5,0,0
BRDA:66,5,1,0
BRDA:69,6,0,0
BRDA:69,6,1,0
BRDA:81,7,0,0
BRDA:81,7,1,0
BRDA:92,8,0,0
BRDA:92,8,1,0
BRDA:105,9,0,0
BRDA:105,9,1,0
BRDA:105,10,0,0
BRDA:105,10,1,0
BRDA:114,11,0,0
BRDA:114,11,1,0
BRF:24
BRH:0
end_of_record
TN:
SF:routes\discounts.routes.js
FN:24,(anonymous_0)
FN:205,(anonymous_1)
FN:222,(anonymous_2)
FN:242,(anonymous_3)
FN:294,(anonymous_4)
FN:327,(anonymous_5)
FN:362,(anonymous_6)
FNF:7
FNH:0
FNDA:0,(anonymous_0)
FNDA:0,(anonymous_1)
FNDA:0,(anonymous_2)
FNDA:0,(anonymous_3)
FNDA:0,(anonymous_4)
FNDA:0,(anonymous_5)
FNDA:0,(anonymous_6)
DA:6,0
DA:7,0
DA:8,0
DA:9,0
DA:10,0
DA:11,0
DA:12,0
DA:13,0
DA:14,0
DA:15,0
DA:16,0
DA:22,0
DA:25,0
DA:26,0
DA:27,0
DA:28,0
DA:36,0
DA:37,0
DA:38,0
DA:41,0
DA:42,0
DA:50,0
DA:51,0
DA:53,0
DA:54,0
DA:62,0
DA:65,0
DA:74,0
DA:75,0
DA:83,0
DA:86,0
DA:87,0
DA:96,0
DA:97,0
DA:106,0
DA:107,0
DA:113,0
DA:114,0
DA:124,0
DA:125,0
DA:126,0
DA:129,0
DA:130,0
DA:131,0
DA:136,0
DA:137,0
DA:138,0
DA:140,0
DA:153,0
DA:163,0
DA:187,0
DA:188,0
DA:189,0
DA:206,0
DA:210,0
DA:211,0
DA:223,0
DA:227,0
DA:228,0
DA:240,0
DA:243,0
DA:244,0
DA:245,0
DA:246,0
DA:253,0
DA:254,0
DA:255,0
DA:258,0
DA:259,0
DA:261,0
DA:262,0
DA:263,0
DA:264,0
DA:266,0
DA:276,0
DA:282,0
DA:283,0
DA:294,0
DA:295,0
DA:296,0
DA:297,0
DA:300,0
DA:301,0
DA:303,0
DA:304,0
DA:319,0
DA:324,0
DA:327,0
DA:328,0
DA:329,0
DA:330,0
DA:332,0
DA:342,0
DA:348,0
DA:349,0
DA:360,0
DA:363,0
DA:364,0
DA:365,0
DA:366,0
DA:374,0
DA:377,0
DA:386,0
DA:387,0
DA:395,0
DA:398,0
DA:399,0
DA:407,0
DA:428,0
DA:429,0
DA:437,0
LF:111
LH:0
BRDA:27,0,0,0
BRDA:27,0,1,0
BRDA:36,1,0,0
BRDA:36,1,1,0
BRDA:37,2,0,0
BRDA:37,2,1,0
BRDA:41,3,0,0
BRDA:41,3,1,0
BRDA:53,4,0,0
BRDA:53,4,1,0
BRDA:53,5,0,0
BRDA:53,5,1,0
BRDA:74,6,0,0
BRDA:74,6,1,0
BRDA:86,7,0,0
BRDA:86,7,1,0
BRDA:86,8,0,0
BRDA:86,8,1,0
BRDA:96,9,0,0
BRDA:96,9,1,0
BRDA:96,10,0,0
BRDA:96,10,1,0
BRDA:106,11,0,0
BRDA:106,11,1,0
BRDA:106,12,0,0
BRDA:106,12,1,0
BRDA:113,13,0,0
BRDA:113,13,1,0
BRDA:125,14,0,0
BRDA:125,14,1,0
BRDA:130,15,0,0
BRDA:130,15,1,0
BRDA:147,16,0,0
BRDA:147,16,1,0
BRDA:174,17,0,0
BRDA:174,17,1,0
BRDA:176,18,0,0
BRDA:176,18,1,0
BRDA:177,19,0,0
BRDA:177,19,1,0
BRDA:187,20,0,0
BRDA:187,20,1,0
BRDA:245,21,0,0
BRDA:245,21,1,0
BRDA:253,22,0,0
BRDA:253,22,1,0
BRDA:254,23,0,0
BRDA:254,23,1,0
BRDA:296,24,0,0
BRDA:296,24,1,0
BRDA:297,25,0,0
BRDA:297,25,1,0
BRDA:303,26,0,0
BRDA:303,26,1,0
BRDA:303,27,0,0
BRDA:303,27,1,0
BRDA:365,28,0,0
BRDA:365,28,1,0
BRDA:386,29,0,0
BRDA:386,29,1,0
BRDA:398,30,0,0
BRDA:398,30,1,0
BRDA:398,31,0,0
BRDA:398,31,1,0
BRDA:418,32,0,0
BRDA:418,32,1,0
BRDA:420,33,0,0
BRDA:420,33,1,0
BRDA:421,34,0,0
BRDA:421,34,1,0
BRF:70
BRH:0
end_of_record
TN:
SF:routes\health.routes.js
FN:18,(anonymous_0)
FN:73,(anonymous_1)
FNF:2
FNH:0
FNDA:0,(anonymous_0)
FNDA:0,(anonymous_1)
DA:5,0
DA:6,0
DA:7,0
DA:8,0
DA:9,0
DA:10,0
DA:18,0
DA:19,0
DA:21,0
DA:23,0
DA:24,0
DA:26,0
DA:48,0
DA:49,0
DA:52,0
DA:54,0
DA:55,0
DA:63,0
DA:73,0
DA:74,0
DA:75,0
DA:82,0
DA:84,0
DA:86,0
DA:87,0
DA:88,0
DA:89,0
DA:91,0
DA:98,0
DA:99,0
DA:102,0
DA:106,0
DA:110,0
DA:111,0
DA:112,0
DA:114,0
DA:122,0
DA:124,0
DA:127,0
DA:131,0
DA:135,0
DA:136,0
DA:137,0
DA:141,0
DA:145,0
DA:149,0
DA:150,0
DA:151,0
DA:159,0
DA:163,0
DA:166,0
DA:168,0
DA:176,0
DA:177,0
DA:178,0
DA:181,0
DA:182,0
DA:184,0
DA:185,0
DA:191,0
DA:195,0
LF:61
LH:0
BRDA:27,0,0,0
BRDA:27,0,1,0
BRDA:30,1,0,0
BRDA:30,1,1,0
BRDA:35,2,0,0
BRDA:35,2,1,0
BRDA:44,3,0,0
BRDA:44,3,1,0
BRDA:48,4,0,0
BRDA:48,4,1,0
BRDA:92,5,0,0
BRDA:92,5,1,0
BRDA:95,6,0,0
BRDA:95,6,1,0
BRDA:98,7,0,0
BRDA:98,7,1,0
BRDA:115,8,0,0
BRDA:115,8,1,0
BRDA:122,9,0,0
BRDA:122,9,1,0
BRDA:124,10,0,0
BRDA:124,10,1,0
BRDA:169,11,0,0
BRDA:169,11,1,0
BRDA:173,12,0,0
BRDA:173,12,1,0
BRDA:176,13,0,0
BRDA:176,13,1,0
BRF:28
BRH:0
end_of_record
TN:
SF:routes\influencers.routes.js
FN:16,(anonymous_0)
FN:37,(anonymous_1)
FN:64,(anonymous_2)
FN:139,(anonymous_3)
FN:160,(anonymous_4)
FN:202,(anonymous_5)
FNF:6
FNH:0
FNDA:0,(anonymous_0)
FNDA:0,(anonymous_1)
FNDA:0,(anonymous_2)
FNDA:0,(anonymous_3)
FNDA:0,(anonymous_4)
FNDA:0,(anonymous_5)
DA:6,0
DA:7,0
DA:8,0
DA:9,0
DA:10,0
DA:16,0
DA:17,0
DA:18,0
DA:34,0
DA:37,0
DA:52,0
DA:53,0
DA:64,0
DA:65,0
DA:66,0
DA:68,0
DA:83,0
DA:84,0
DA:91,0
DA:115,0
DA:116,0
DA:122,0
DA:125,0
DA:139,0
DA:148,0
DA:149,0
DA:160,0
DA:161,0
DA:162,0
DA:164,0
DA:189,0
DA:190,0
DA:196,0
DA:199,0
DA:202,0
DA:210,0
DA:211,0
DA:218,0
LF:38
LH:0
BRDA:83,0,0,0
BRDA:83,0,1,0
BRDA:122,1,0,0
BRDA:122,1,1,0
BRDA:141,2,0,0
BRDA:141,2,1,0
BRDA:196,3,0,0
BRDA:196,3,1,0
BRDA:204,4,0,0
BRDA:204,4,1,0
BRF:10
BRH:0
end_of_record
TN:
SF:routes\inventory.routes.js
FN:28,(anonymous_0)
FN:32,(anonymous_1)
FN:102,(anonymous_2)
FN:181,(anonymous_3)
FN:189,(anonymous_4)
FN:275,(anonymous_5)
FNF:6
FNH:0
FNDA:0,(anonymous_0)
FNDA:0,(anonymous_1)
FNDA:0,(anonymous_2)
FNDA:0,(anonymous_3)
FNDA:0,(anonymous_4)
FNDA:0,(anonymous_5)
DA:5,0
DA:6,0
DA:7,0
DA:8,0
DA:9,0
DA:10,0
DA:11,0
DA:12,0
DA:13,0
DA:14,0
DA:15,0
DA:16,0
DA:26,0
DA:28,0
DA:33,0
DA:34,0
DA:35,0
DA:36,0
DA:43,0
DA:46,0
DA:47,0
DA:54,0
DA:55,0
DA:62,0
DA:63,0
DA:70,0
DA:72,0
DA:82,0
DA:83,0
DA:98,0
DA:103,0
DA:104,0
DA:105,0
DA:106,0
DA:113,0
DA:114,0
DA:117,0
DA:118,0
DA:125,0
DA:126,0
DA:133,0
DA:141,0
DA:151,0
DA:153,0
DA:159,0
DA:161,0
DA:162,0
DA:168,0
DA:179,0
DA:182,0
DA:183,0
DA:185,0
DA:190,0
DA:191,0
DA:192,0
DA:193,0
DA:200,0
DA:201,0
DA:204,0
DA:205,0
DA:212,0
DA:213,0
DA:220,0
DA:229,0
DA:239,0
DA:242,0
DA:243,0
DA:245,0
DA:251,0
DA:253,0
DA:254,0
DA:260,0
DA:271,0
DA:276,0
DA:277,0
DA:278,0
DA:279,0
DA:286,0
DA:287,0
DA:288,0
DA:291,0
DA:292,0
DA:299,0
DA:300,0
DA:307,0
DA:310,0
DA:312,0
DA:322,0
DA:323,0
DA:330,0
LF:90
LH:0
BRDA:28,0,0,0
BRDA:28,0,1,0
BRDA:35,1,0,0
BRDA:35,1,1,0
BRDA:54,2,0,0
BRDA:54,2,1,0
BRDA:62,3,0,0
BRDA:62,3,1,0
BRDA:105,4,0,0
BRDA:105,4,1,0
BRDA:125,5,0,0
BRDA:125,5,1,0
BRDA:137,6,0,0
BRDA:137,6,1,0
BRDA:161,7,0,0
BRDA:161,7,1,0
BRDA:170,8,0,0
BRDA:170,8,1,0
BRDA:182,9,0,0
BRDA:182,9,1,0
BRDA:192,10,0,0
BRDA:192,10,1,0
BRDA:212,11,0,0
BRDA:212,11,1,0
BRDA:247,12,0,0
BRDA:247,12,1,0
BRDA:253,13,0,0
BRDA:253,13,1,0
BRDA:262,14,0,0
BRDA:262,14,1,0
BRDA:278,15,0,0
BRDA:278,15,1,0
BRDA:287,16,0,0
BRDA:287,16,1,0
BRDA:288,17,0,0
BRDA:288,17,1,0
BRDA:299,18,0,0
BRDA:299,18,1,0
BRF:38
BRH:0
end_of_record
TN:
SF:routes\notifications.routes.js
FN:24,(anonymous_0)
FN:68,(anonymous_1)
FN:111,(anonymous_2)
FN:133,(anonymous_3)
FN:168,(anonymous_4)
FNF:5
FNH:0
FNDA:0,(anonymous_0)
FNDA:0,(anonymous_1)
FNDA:0,(anonymous_2)
FNDA:0,(anonymous_3)
FNDA:0,(anonymous_4)
DA:6,0
DA:7,0
DA:8,0
DA:9,0
DA:10,0
DA:11,0
DA:12,0
DA:13,0
DA:19,0
DA:25,0
DA:26,0
DA:27,0
DA:28,0
DA:35,0
DA:36,0
DA:37,0
DA:38,0
DA:39,0
DA:41,0
DA:48,0
DA:53,0
DA:54,0
DA:65,0
DA:69,0
DA:70,0
DA:71,0
DA:72,0
DA:79,0
DA:80,0
DA:82,0
DA:83,0
DA:89,0
DA:94,0
DA:99,0
DA:100,0
DA:111,0
DA:112,0
DA:113,0
DA:114,0
DA:116,0
DA:121,0
DA:122,0
DA:133,0
DA:134,0
DA:135,0
DA:136,0
DA:138,0
DA:143,0
DA:144,0
DA:155,0
DA:169,0
DA:170,0
DA:171,0
DA:172,0
DA:179,0
DA:180,0
DA:182,0
DA:188,0
DA:189,0
DA:196,0
LF:60
LH:0
BRDA:27,0,0,0
BRDA:27,0,1,0
BRDA:36,1,0,0
BRDA:36,1,1,0
BRDA:37,2,0,0
BRDA:37,2,1,0
BRDA:71,3,0,0
BRDA:71,3,1,0
BRDA:82,4,0,0
BRDA:82,4,1,0
BRDA:82,5,0,0
BRDA:82,5,1,0
BRDA:91,6,0,0
BRDA:91,6,1,0
BRDA:96,7,0,0
BRDA:96,7,1,0
BRDA:171,8,0,0
BRDA:171,8,1,0
BRF:18
BRH:0
end_of_record
TN:
SF:routes\orders.routes.js
FN:43,(anonymous_0)
FN:179,(anonymous_1)
FN:188,(anonymous_2)
FN:235,(anonymous_3)
FN:276,(anonymous_4)
FN:328,(anonymous_5)
FN:370,(anonymous_6)
FN:416,(anonymous_7)
FNF:8
FNH:0
FNDA:0,(anonymous_0)
FNDA:0,(anonymous_1)
FNDA:0,(anonymous_2)
FNDA:0,(anonymous_3)
FNDA:0,(anonymous_4)
FNDA:0,(anonymous_5)
FNDA:0,(anonymous_6)
FNDA:0,(anonymous_7)
DA:6,0
DA:7,0
DA:8,0
DA:9,0
DA:10,0
DA:11,0
DA:12,0
DA:13,0
DA:14,0
DA:15,0
DA:16,0
DA:17,0
DA:18,0
DA:19,0
DA:25,0
DA:44,0
DA:45,0
DA:46,0
DA:47,0
DA:54,0
DA:55,0
DA:60,0
DA:61,0
DA:63,0
DA:64,0
DA:73,0
DA:74,0
DA:80,0
DA:81,0
DA:91,0
DA:92,0
DA:98,0
DA:112,0
DA:114,0
DA:115,0
DA:122,0
DA:123,0
DA:124,0
DA:125,0
DA:126,0
DA:131,0
DA:146,0
DA:164,0
DA:167,0
DA:180,0
DA:184,0
DA:185,0
DA:187,0
DA:188,0
DA:189,0
DA:198,0
DA:203,0
DA:211,0
DA:213,0
DA:214,0
DA:220,0
DA:231,0
DA:236,0
DA:237,0
DA:238,0
DA:239,0
DA:246,0
DA:247,0
DA:248,0
DA:249,0
DA:251,0
DA:257,0
DA:262,0
DA:263,0
DA:274,0
DA:277,0
DA:278,0
DA:279,0
DA:280,0
DA:287,0
DA:288,0
DA:290,0
DA:292,0
DA:299,0
DA:301,0
DA:302,0
DA:308,0
DA:323,0
DA:329,0
DA:330,0
DA:331,0
DA:332,0
DA:339,0
DA:340,0
DA:341,0
DA:342,0
DA:344,0
DA:351,0
DA:356,0
DA:357,0
DA:368,0
DA:371,0
DA:372,0
DA:373,0
DA:374,0
DA:381,0
DA:383,0
DA:385,0
DA:392,0
DA:394,0
DA:395,0
DA:401,0
DA:412,0
DA:417,0
DA:418,0
DA:419,0
DA:420,0
DA:427,0
DA:428,0
DA:429,0
DA:432,0
DA:433,0
DA:434,0
DA:441,0
DA:442,0
DA:444,0
DA:451,0
DA:454,0
DA:464,0
DA:466,0
DA:474,0
DA:476,0
DA:477,0
DA:483,0
DA:490,0
LF:130
LH:0
BRDA:46,0,0,0
BRDA:46,0,1,0
BRDA:63,1,0,0
BRDA:63,1,1,0
BRDA:73,2,0,0
BRDA:73,2,1,0
BRDA:88,3,0,0
BRDA:88,3,1,0
BRDA:91,4,0,0
BRDA:91,4,1,0
BRDA:91,5,0,0
BRDA:91,5,1,0
BRDA:91,5,2,0
BRDA:91,5,3,0
BRDA:91,5,4,0
BRDA:91,5,5,0
BRDA:105,6,0,0
BRDA:105,6,1,0
BRDA:114,7,0,0
BRDA:114,7,1,0
BRDA:114,8,0,0
BRDA:114,8,1,0
BRDA:123,9,0,0
BRDA:123,9,1,0
BRDA:124,10,0,0
BRDA:124,10,1,0
BRDA:125,11,0,0
BRDA:125,11,1,0
BRDA:187,12,0,0
BRDA:187,12,1,0
BRDA:198,13,0,0
BRDA:198,13,1,0
BRDA:213,14,0,0
BRDA:213,14,1,0
BRDA:213,15,0,0
BRDA:213,15,1,0
BRDA:222,16,0,0
BRDA:222,16,1,0
BRDA:238,17,0,0
BRDA:238,17,1,0
BRDA:247,18,0,0
BRDA:247,18,1,0
BRDA:248,19,0,0
BRDA:248,19,1,0
BRDA:279,20,0,0
BRDA:279,20,1,0
BRDA:301,21,0,0
BRDA:301,21,1,0
BRDA:331,22,0,0
BRDA:331,22,1,0
BRDA:339,23,0,0
BRDA:339,23,1,0
BRDA:340,24,0,0
BRDA:340,24,1,0
BRDA:342,25,0,0
BRDA:342,25,1,0
BRDA:373,26,0,0
BRDA:373,26,1,0
BRDA:394,27,0,0
BRDA:394,27,1,0
BRDA:419,28,0,0
BRDA:419,28,1,0
BRDA:433,29,0,0
BRDA:433,29,1,0
BRDA:476,30,0,0
BRDA:476,30,1,0
BRDA:476,31,0,0
BRDA:476,31,1,0
BRDA:485,32,0,0
BRDA:485,32,1,0
BRF:70
BRH:0
end_of_record
TN:
SF:routes\payment.routes.js
FN:25,(anonymous_0)
FN:102,(anonymous_1)
FN:172,(anonymous_2)
FN:239,(anonymous_3)
FN:259,(anonymous_4)
FN:307,(anonymous_5)
FN:374,(anonymous_6)
FN:448,(anonymous_7)
FN:492,(anonymous_8)
FN:547,(anonymous_9)
FNF:10
FNH:0
FNDA:0,(anonymous_0)
FNDA:0,(anonymous_1)
FNDA:0,(anonymous_2)
FNDA:0,(anonymous_3)
FNDA:0,(anonymous_4)
FNDA:0,(anonymous_5)
FNDA:0,(anonymous_6)
FNDA:0,(anonymous_7)
FNDA:0,(anonymous_8)
FNDA:0,(anonymous_9)
DA:7,1
DA:8,1
DA:9,1
DA:10,1
DA:11,1
DA:12,1
DA:13,1
DA:14,1
DA:15,1
DA:21,1
DA:26,0
DA:27,0
DA:28,0
DA:29,0
DA:36,0
DA:37,0
DA:38,0
DA:39,0
DA:42,0
DA:45,0
DA:48,0
DA:58,0
DA:70,0
DA:71,0
DA:74,0
DA:80,0
DA:82,0
DA:83,0
DA:89,0
DA:100,1
DA:103,0
DA:104,0
DA:105,0
DA:106,0
DA:113,0
DA:114,0
DA:117,0
DA:120,0
DA:123,0
DA:133,0
DA:140,0
DA:141,0
DA:144,0
DA:150,0
DA:152,0
DA:153,0
DA:159,0
DA:170,1
DA:173,0
DA:174,0
DA:175,0
DA:176,0
DA:183,0
DA:184,0
DA:187,0
DA:190,0
DA:193,0
DA:195,0
DA:216,0
DA:218,0
DA:219,0
DA:225,0
DA:236,1
DA:240,0
DA:241,0
DA:242,0
DA:243,0
DA:250,0
DA:251,0
DA:252,0
DA:255,0
DA:258,0
DA:259,0
DA:261,0
DA:262,0
DA:269,0
DA:272,0
DA:274,0
DA:284,0
DA:286,0
DA:287,0
DA:293,0
DA:304,1
DA:308,0
DA:309,0
DA:310,0
DA:311,0
DA:318,0
DA:319,0
DA:322,0
DA:323,0
DA:326,0
DA:329,0
DA:331,0
DA:350,0
DA:352,0
DA:353,0
DA:359,0
DA:370,1
DA:375,0
DA:376,0
DA:377,0
DA:378,0
DA:385,0
DA:386,0
DA:387,0
DA:390,0
DA:391,0
DA:394,0
DA:397,0
DA:399,0
DA:418,0
DA:420,0
DA:421,0
DA:427,0
DA:442,1
DA:449,0
DA:450,0
DA:451,0
DA:452,0
DA:459,0
DA:460,0
DA:461,0
DA:462,0
DA:463,0
DA:465,0
DA:473,0
DA:478,0
DA:479,0
DA:490,1
DA:493,0
DA:494,0
DA:495,0
DA:496,0
DA:503,0
DA:505,0
DA:508,0
DA:510,0
DA:523,0
DA:525,0
DA:526,0
DA:532,0
DA:543,1
DA:548,0
DA:549,0
DA:550,0
DA:551,0
DA:558,0
DA:559,0
DA:560,0
DA:561,0
DA:564,0
DA:567,0
DA:570,0
DA:579,0
DA:598,0
DA:600,0
DA:601,0
DA:607,0
DA:614,1
LF:160
LH:19
BRDA:28,0,0,0
BRDA:28,0,1,0
BRDA:38,1,0,0
BRDA:38,1,1,0
BRDA:39,2,0,0
BRDA:39,2,1,0
BRDA:70,3,0,0
BRDA:70,3,1,0
BRDA:70,4,0,0
BRDA:70,4,1,0
BRDA:70,4,2,0
BRDA:82,5,0,0
BRDA:82,5,1,0
BRDA:82,6,0,0
BRDA:82,6,1,0
BRDA:91,7,0,0
BRDA:91,7,1,0
BRDA:105,8,0,0
BRDA:105,8,1,0
BRDA:140,9,0,0
BRDA:140,9,1,0
BRDA:140,10,0,0
BRDA:140,10,1,0
BRDA:152,11,0,0
BRDA:152,11,1,0
BRDA:152,12,0,0
BRDA:152,12,1,0
BRDA:161,13,0,0
BRDA:161,13,1,0
BRDA:175,14,0,0
BRDA:175,14,1,0
BRDA:193,15,0,0
BRDA:193,15,1,0
BRDA:202,16,0,0
BRDA:202,16,1,0
BRDA:218,17,0,0
BRDA:218,17,1,0
BRDA:242,18,0,0
BRDA:242,18,1,0
BRDA:261,19,0,0
BRDA:261,19,1,0
BRDA:280,20,0,0
BRDA:280,20,1,0
BRDA:286,21,0,0
BRDA:286,21,1,0
BRDA:286,22,0,0
BRDA:286,22,1,0
BRDA:295,23,0,0
BRDA:295,23,1,0
BRDA:310,24,0,0
BRDA:310,24,1,0
BRDA:319,25,0,0
BRDA:319,25,1,0
BRDA:352,26,0,0
BRDA:352,26,1,0
BRDA:352,27,0,0
BRDA:352,27,1,0
BRDA:361,28,0,0
BRDA:361,28,1,0
BRDA:377,29,0,0
BRDA:377,29,1,0
BRDA:386,30,0,0
BRDA:386,30,1,0
BRDA:387,31,0,0
BRDA:387,31,1,0
BRDA:420,32,0,0
BRDA:420,32,1,0
BRDA:420,33,0,0
BRDA:420,33,1,0
BRDA:429,34,0,0
BRDA:429,34,1,0
BRDA:451,35,0,0
BRDA:451,35,1,0
BRDA:459,36,0,0
BRDA:459,36,1,0
BRDA:460,37,0,0
BRDA:460,37,1,0
BRDA:463,38,0,0
BRDA:463,38,1,0
BRDA:495,39,0,0
BRDA:495,39,1,0
BRDA:525,40,0,0
BRDA:525,40,1,0
BRDA:550,41,0,0
BRDA:550,41,1,0
BRDA:560,42,0,0
BRDA:560,42,1,0
BRDA:600,43,0,0
BRDA:600,43,1,0
BRDA:600,44,0,0
BRDA:600,44,1,0
BRDA:609,45,0,0
BRDA:609,45,1,0
BRF:93
BRH:0
end_of_record
TN:
SF:routes\permissions.routes.js
FN:19,(anonymous_0)
FN:46,(anonymous_1)
FN:67,(anonymous_2)
FN:80,(anonymous_3)
FN:105,(anonymous_4)
FN:157,(anonymous_5)
FNF:6
FNH:0
FNDA:0,(anonymous_0)
FNDA:0,(anonymous_1)
FNDA:0,(anonymous_2)
FNDA:0,(anonymous_3)
FNDA:0,(anonymous_4)
FNDA:0,(anonymous_5)
DA:6,0
DA:7,0
DA:8,0
DA:9,0
DA:10,0
DA:11,0
DA:12,0
DA:13,0
DA:19,0
DA:20,0
DA:21,0
DA:23,0
DA:24,0
DA:26,0
DA:34,0
DA:35,0
DA:46,0
DA:47,0
DA:48,0
DA:50,0
DA:55,0
DA:56,0
DA:67,0
DA:68,0
DA:69,0
DA:70,0
DA:80,0
DA:88,0
DA:93,0
DA:94,0
DA:105,0
DA:106,0
DA:107,0
DA:108,0
DA:110,0
DA:111,0
DA:118,0
DA:119,0
DA:120,0
DA:122,0
DA:125,0
DA:140,0
DA:145,0
DA:146,0
DA:157,0
DA:158,0
DA:159,0
DA:160,0
DA:162,0
DA:163,0
DA:170,0
DA:171,0
DA:172,0
DA:174,0
DA:177,0
DA:193,0
DA:194,0
DA:195,0
DA:204,0
DA:209,0
DA:210,0
DA:217,0
LF:62
LH:0
BRDA:85,0,0,0
BRDA:85,0,1,0
BRDA:110,1,0,0
BRDA:110,1,1,0
BRDA:120,2,0,0
BRDA:120,2,1,0
BRDA:162,3,0,0
BRDA:162,3,1,0
BRDA:172,4,0,0
BRDA:172,4,1,0
BRF:10
BRH:0
end_of_record
TN:
SF:routes\product-images.routes.js
FN:23,(anonymous_0)
FN:85,(anonymous_1)
FN:182,(anonymous_2)
FN:301,(anonymous_3)
FN:325,(anonymous_4)
FN:383,(anonymous_5)
FNF:6
FNH:0
FNDA:0,(anonymous_0)
FNDA:0,(anonymous_1)
FNDA:0,(anonymous_2)
FNDA:0,(anonymous_3)
FNDA:0,(anonymous_4)
FNDA:0,(anonymous_5)
DA:5,0
DA:6,0
DA:7,0
DA:8,0
DA:9,0
DA:10,0
DA:11,0
DA:12,0
DA:13,0
DA:14,0
DA:15,0
DA:21,0
DA:24,0
DA:25,0
DA:26,0
DA:27,0
DA:34,0
DA:37,0
DA:38,0
DA:39,0
DA:46,0
DA:60,0
DA:67,0
DA:68,0
DA:79,0
DA:86,0
DA:87,0
DA:88,0
DA:89,0
DA:96,0
DA:97,0
DA:100,0
DA:101,0
DA:102,0
DA:109,0
DA:110,0
DA:117,0
DA:118,0
DA:119,0
DA:123,0
DA:127,0
DA:134,0
DA:144,0
DA:147,0
DA:148,0
DA:151,0
DA:156,0
DA:164,0
DA:165,0
DA:176,0
DA:183,0
DA:184,0
DA:185,0
DA:186,0
DA:193,0
DA:194,0
DA:197,0
DA:202,0
DA:203,0
DA:209,0
DA:212,0
DA:213,0
DA:220,0
DA:221,0
DA:222,0
DA:224,0
DA:225,0
DA:226,0
DA:227,0
DA:229,0
DA:230,0
DA:231,0
DA:232,0
DA:234,0
DA:235,0
DA:236,0
DA:237,0
DA:240,0
DA:241,0
DA:247,0
DA:249,0
DA:255,0
DA:265,0
DA:268,0
DA:269,0
DA:272,0
DA:277,0
DA:285,0
DA:286,0
DA:297,0
DA:302,0
DA:303,0
DA:304,0
DA:305,0
DA:312,0
DA:313,0
DA:316,0
DA:317,0
DA:318,0
DA:325,0
DA:326,0
DA:331,0
DA:332,0
DA:339,0
DA:340,0
DA:347,0
DA:357,0
DA:360,0
DA:361,0
DA:363,0
DA:368,0
DA:369,0
DA:380,0
DA:384,0
DA:385,0
DA:386,0
DA:387,0
DA:394,0
DA:397,0
DA:402,0
DA:403,0
DA:409,0
DA:412,0
DA:418,0
DA:419,0
DA:424,0
DA:425,0
DA:433,0
DA:443,0
DA:446,0
DA:447,0
DA:449,0
DA:454,0
DA:455,0
DA:462,0
LF:135
LH:0
BRDA:26,0,0,0
BRDA:26,0,1,0
BRDA:38,1,0,0
BRDA:38,1,1,0
BRDA:88,2,0,0
BRDA:88,2,1,0
BRDA:101,3,0,0
BRDA:101,3,1,0
BRDA:109,4,0,0
BRDA:109,4,1,0
BRDA:118,5,0,0
BRDA:118,5,1,0
BRDA:123,6,0,0
BRDA:123,6,1,0
BRDA:130,7,0,0
BRDA:130,7,1,0
BRDA:130,8,0,0
BRDA:130,8,1,0
BRDA:185,9,0,0
BRDA:185,9,1,0
BRDA:202,10,0,0
BRDA:202,10,1,0
BRDA:212,11,0,0
BRDA:212,11,1,0
BRDA:212,12,0,0
BRDA:212,12,1,0
BRDA:224,13,0,0
BRDA:224,13,1,0
BRDA:229,14,0,0
BRDA:229,14,1,0
BRDA:234,15,0,0
BRDA:234,15,1,0
BRDA:240,16,0,0
BRDA:240,16,1,0
BRDA:304,17,0,0
BRDA:304,17,1,0
BRDA:317,18,0,0
BRDA:317,18,1,0
BRDA:331,19,0,0
BRDA:331,19,1,0
BRDA:386,20,0,0
BRDA:386,20,1,0
BRDA:402,21,0,0
BRDA:402,21,1,0
BRDA:418,22,0,0
BRDA:418,22,1,0
BRDA:424,23,0,0
BRDA:424,23,1,0
BRF:48
BRH:0
end_of_record
TN:
SF:routes\product-variants.routes.js
FN:23,(anonymous_0)
FN:67,(anonymous_1)
FN:116,(anonymous_2)
FN:244,(anonymous_3)
FN:411,(anonymous_4)
FNF:5
FNH:0
FNDA:0,(anonymous_0)
FNDA:0,(anonymous_1)
FNDA:0,(anonymous_2)
FNDA:0,(anonymous_3)
FNDA:0,(anonymous_4)
DA:5,0
DA:6,0
DA:7,0
DA:8,0
DA:9,0
DA:10,0
DA:11,0
DA:12,0
DA:13,0
DA:14,0
DA:15,0
DA:21,0
DA:24,0
DA:25,0
DA:26,0
DA:27,0
DA:34,0
DA:37,0
DA:38,0
DA:39,0
DA:46,0
DA:66,0
DA:67,0
DA:68,0
DA:73,0
DA:74,0
DA:75,0
DA:76,0
DA:80,0
DA:83,0
DA:87,0
DA:94,0
DA:95,0
DA:106,0
DA:117,0
DA:118,0
DA:119,0
DA:120,0
DA:127,0
DA:128,0
DA:131,0
DA:132,0
DA:133,0
DA:140,0
DA:141,0
DA:142,0
DA:143,0
DA:151,0
DA:152,0
DA:163,0
DA:182,0
DA:192,0
DA:195,0
DA:196,0
DA:199,0
DA:204,0
DA:205,0
DA:206,0
DA:207,0
DA:211,0
DA:214,0
DA:217,0
DA:225,0
DA:226,0
DA:237,0
DA:245,0
DA:246,0
DA:247,0
DA:248,0
DA:255,0
DA:256,0
DA:259,0
DA:264,0
DA:265,0
DA:271,0
DA:274,0
DA:275,0
DA:282,0
DA:283,0
DA:284,0
DA:285,0
DA:293,0
DA:294,0
DA:295,0
DA:297,0
DA:298,0
DA:299,0
DA:300,0
DA:302,0
DA:303,0
DA:304,0
DA:305,0
DA:307,0
DA:308,0
DA:309,0
DA:310,0
DA:312,0
DA:313,0
DA:314,0
DA:315,0
DA:317,0
DA:318,0
DA:319,0
DA:320,0
DA:322,0
DA:323,0
DA:324,0
DA:325,0
DA:327,0
DA:328,0
DA:329,0
DA:330,0
DA:332,0
DA:333,0
DA:334,0
DA:335,0
DA:338,0
DA:339,0
DA:345,0
DA:347,0
DA:353,0
DA:363,0
DA:366,0
DA:367,0
DA:370,0
DA:375,0
DA:376,0
DA:377,0
DA:378,0
DA:382,0
DA:385,0
DA:388,0
DA:396,0
DA:397,0
DA:408,0
DA:412,0
DA:413,0
DA:414,0
DA:415,0
DA:422,0
DA:425,0
DA:430,0
DA:431,0
DA:437,0
DA:440,0
DA:445,0
DA:446,0
DA:453,0
DA:458,0
DA:459,0
DA:466,0
DA:471,0
DA:472,0
DA:479,0
DA:485,0
DA:495,0
DA:498,0
DA:499,0
DA:501,0
DA:506,0
DA:507,0
DA:514,0
LF:162
LH:0
BRDA:26,0,0,0
BRDA:26,0,1,0
BRDA:38,1,0,0
BRDA:38,1,1,0
BRDA:66,2,0,0
BRDA:66,2,1,0
BRDA:74,3,0,0
BRDA:74,3,1,0
BRDA:76,4,0,0
BRDA:76,4,1,0
BRDA:119,5,0,0
BRDA:119,5,1,0
BRDA:132,6,0,0
BRDA:132,6,1,0
BRDA:140,7,0,0
BRDA:140,7,1,0
BRDA:142,8,0,0
BRDA:142,8,1,0
BRDA:151,9,0,0
BRDA:151,9,1,0
BRDA:151,10,0,0
BRDA:151,10,1,0
BRDA:171,11,0,0
BRDA:171,11,1,0
BRDA:172,12,0,0
BRDA:172,12,1,0
BRDA:173,13,0,0
BRDA:173,13,1,0
BRDA:174,14,0,0
BRDA:174,14,1,0
BRDA:175,15,0,0
BRDA:175,15,1,0
BRDA:176,16,0,0
BRDA:176,16,1,0
BRDA:177,17,0,0
BRDA:177,17,1,0
BRDA:205,18,0,0
BRDA:205,18,1,0
BRDA:207,19,0,0
BRDA:207,19,1,0
BRDA:247,20,0,0
BRDA:247,20,1,0
BRDA:264,21,0,0
BRDA:264,21,1,0
BRDA:274,22,0,0
BRDA:274,22,1,0
BRDA:274,23,0,0
BRDA:274,23,1,0
BRDA:282,24,0,0
BRDA:282,24,1,0
BRDA:282,25,0,0
BRDA:282,25,1,0
BRDA:284,26,0,0
BRDA:284,26,1,0
BRDA:297,27,0,0
BRDA:297,27,1,0
BRDA:302,28,0,0
BRDA:302,28,1,0
BRDA:307,29,0,0
BRDA:307,29,1,0
BRDA:312,30,0,0
BRDA:312,30,1,0
BRDA:317,31,0,0
BRDA:317,31,1,0
BRDA:322,32,0,0
BRDA:322,32,1,0
BRDA:327,33,0,0
BRDA:327,33,1,0
BRDA:332,34,0,0
BRDA:332,34,1,0
BRDA:338,35,0,0
BRDA:338,35,1,0
BRDA:376,36,0,0
BRDA:376,36,1,0
BRDA:378,37,0,0
BRDA:378,37,1,0
BRDA:414,38,0,0
BRDA:414,38,1,0
BRDA:430,39,0,0
BRDA:430,39,1,0
BRDA:445,40,0,0
BRDA:445,40,1,0
BRDA:458,41,0,0
BRDA:458,41,1,0
BRDA:471,42,0,0
BRDA:471,42,1,0
BRF:86
BRH:0
end_of_record
TN:
SF:routes\products.routes.js
FN:28,(anonymous_0)
FN:39,(anonymous_1)
FN:125,(anonymous_2)
FN:194,(anonymous_3)
FN:199,(anonymous_4)
FN:223,(anonymous_5)
FN:227,(anonymous_6)
FN:298,(anonymous_7)
FN:331,(anonymous_8)
FN:395,(anonymous_9)
FN:518,(anonymous_10)
FN:659,(anonymous_11)
FN:838,(anonymous_12)
FNF:13
FNH:0
FNDA:0,(anonymous_0)
FNDA:0,(anonymous_1)
FNDA:0,(anonymous_2)
FNDA:0,(anonymous_3)
FNDA:0,(anonymous_4)
FNDA:0,(anonymous_5)
FNDA:0,(anonymous_6)
FNDA:0,(anonymous_7)
FNDA:0,(anonymous_8)
FNDA:0,(anonymous_9)
FNDA:0,(anonymous_10)
FNDA:0,(anonymous_11)
FNDA:0,(anonymous_12)
DA:5,0
DA:6,0
DA:7,0
DA:8,0
DA:9,0
DA:10,0
DA:11,0
DA:12,0
DA:13,0
DA:14,0
DA:15,0
DA:16,0
DA:17,0
DA:18,0
DA:26,0
DA:29,0
DA:30,0
DA:40,0
DA:41,0
DA:42,0
DA:46,0
DA:47,0
DA:48,0
DA:49,0
DA:52,0
DA:53,0
DA:54,0
DA:55,0
DA:56,0
DA:60,0
DA:61,0
DA:62,0
DA:63,0
DA:64,0
DA:65,0
DA:69,0
DA:70,0
DA:72,0
DA:73,0
DA:74,0
DA:78,0
DA:80,0
DA:82,0
DA:90,0
DA:91,0
DA:92,0
DA:97,0
DA:110,0
DA:111,0
DA:125,0
DA:126,0
DA:128,0
DA:129,0
DA:130,0
DA:133,0
DA:134,0
DA:139,0
DA:142,0
DA:145,0
DA:159,0
DA:173,0
DA:179,0
DA:194,0
DA:199,0
DA:207,0
DA:208,0
DA:221,0
DA:224,0
DA:228,0
DA:229,0
DA:232,0
DA:233,0
DA:234,0
DA:241,0
DA:269,0
DA:270,0
DA:276,0
DA:279,0
DA:280,0
DA:281,0
DA:285,0
DA:298,0
DA:307,0
DA:310,0
DA:329,0
DA:331,0
DA:332,0
DA:337,0
DA:339,0
DA:340,0
DA:341,0
DA:344,0
DA:345,0
DA:346,0
DA:350,0
DA:353,0
DA:358,0
DA:361,0
DA:362,0
DA:365,0
DA:366,0
DA:368,0
DA:375,0
DA:376,0
DA:389,0
DA:396,0
DA:397,0
DA:398,0
DA:399,0
DA:407,0
DA:408,0
DA:411,0
DA:412,0
DA:413,0
DA:417,0
DA:418,0
DA:419,0
DA:420,0
DA:425,0
DA:426,0
DA:427,0
DA:428,0
DA:429,0
DA:430,0
DA:435,0
DA:436,0
DA:437,0
DA:438,0
DA:443,0
DA:444,0
DA:445,0
DA:446,0
DA:451,0
DA:480,0
DA:481,0
DA:486,0
DA:487,0
DA:491,0
DA:495,0
DA:502,0
DA:503,0
DA:513,0
DA:519,0
DA:520,0
DA:521,0
DA:522,0
DA:529,0
DA:532,0
DA:533,0
DA:534,0
DA:541,0
DA:547,0
DA:548,0
DA:549,0
DA:550,0
DA:551,0
DA:552,0
DA:553,0
DA:556,0
DA:571,0
DA:574,0
DA:575,0
DA:582,0
DA:592,0
DA:595,0
DA:596,0
DA:599,0
DA:626,0
DA:629,0
DA:633,0
DA:635,0
DA:643,0
DA:644,0
DA:654,0
DA:660,0
DA:661,0
DA:662,0
DA:665,0
DA:675,0
DA:676,0
DA:682,0
DA:685,0
DA:686,0
DA:687,0
DA:688,0
DA:696,0
DA:697,0
DA:698,0
DA:700,0
DA:701,0
DA:702,0
DA:703,0
DA:706,0
DA:712,0
DA:713,0
DA:714,0
DA:715,0
DA:716,0
DA:717,0
DA:718,0
DA:720,0
DA:721,0
DA:723,0
DA:724,0
DA:725,0
DA:726,0
DA:727,0
DA:728,0
DA:729,0
DA:730,0
DA:731,0
DA:732,0
DA:733,0
DA:734,0
DA:735,0
DA:737,0
DA:738,0
DA:744,0
DA:746,0
DA:752,0
DA:762,0
DA:765,0
DA:767,0
DA:769,0
DA:776,0
DA:777,0
DA:778,0
DA:781,0
DA:808,0
DA:811,0
DA:815,0
DA:817,0
DA:825,0
DA:826,0
DA:836,0
DA:839,0
DA:840,0
DA:841,0
DA:842,0
DA:849,0
DA:852,0
DA:853,0
DA:854,0
DA:860,0
DA:863,0
DA:866,0
DA:876,0
DA:879,0
DA:880,0
DA:881,0
DA:883,0
DA:888,0
DA:889,0
DA:896,0
LF:254
LH:0
BRDA:29,0,0,0
BRDA:29,1,0,0
BRDA:35,2,0,0
BRDA:35,2,1,0
BRDA:41,3,0,0
BRDA:41,4,0,0
BRDA:52,5,0,0
BRDA:52,5,1,0
BRDA:60,6,0,0
BRDA:60,6,1,0
BRDA:80,7,0,0
BRDA:80,7,1,0
BRDA:90,8,0,0
BRDA:90,8,1,0
BRDA:183,9,0,0
BRDA:183,9,1,0
BRDA:184,10,0,0
BRDA:184,10,1,0
BRDA:185,11,0,0
BRDA:185,11,1,0
BRDA:186,12,0,0
BRDA:186,12,1,0
BRDA:189,13,0,0
BRDA:189,13,1,0
BRDA:190,14,0,0
BRDA:190,14,1,0
BRDA:191,15,0,0
BRDA:191,15,1,0
BRDA:193,16,0,0
BRDA:193,16,1,0
BRDA:197,17,0,0
BRDA:197,17,1,0
BRDA:202,18,0,0
BRDA:202,18,1,0
BRDA:224,19,0,0
BRDA:224,19,1,0
BRDA:233,20,0,0
BRDA:233,20,1,0
BRDA:233,21,0,0
BRDA:233,21,1,0
BRDA:269,22,0,0
BRDA:269,22,1,0
BRDA:279,23,0,0
BRDA:279,23,1,0
BRDA:280,24,0,0
BRDA:280,24,1,0
BRDA:281,25,0,0
BRDA:281,25,1,0
BRDA:301,26,0,0
BRDA:301,26,1,0
BRDA:307,27,0,0
BRDA:307,27,1,0
BRDA:329,28,0,0
BRDA:329,28,1,0
BRDA:339,29,0,0
BRDA:339,29,1,0
BRDA:340,30,0,0
BRDA:340,30,1,0
BRDA:341,31,0,0
BRDA:341,31,1,0
BRDA:344,32,0,0
BRDA:344,32,1,0
BRDA:346,33,0,0
BRDA:346,33,1,0
BRDA:398,34,0,0
BRDA:398,34,1,0
BRDA:411,35,0,0
BRDA:411,35,1,0
BRDA:417,36,0,0
BRDA:417,36,1,0
BRDA:419,37,0,0
BRDA:419,37,1,0
BRDA:425,38,0,0
BRDA:425,38,1,0
BRDA:427,39,0,0
BRDA:427,39,1,0
BRDA:429,40,0,0
BRDA:429,40,1,0
BRDA:435,41,0,0
BRDA:435,41,1,0
BRDA:437,42,0,0
BRDA:437,42,1,0
BRDA:443,43,0,0
BRDA:443,43,1,0
BRDA:486,44,0,0
BRDA:486,44,1,0
BRDA:521,45,0,0
BRDA:521,45,1,0
BRDA:533,46,0,0
BRDA:533,46,1,0
BRDA:551,47,0,0
BRDA:551,47,1,0
BRDA:563,48,0,0
BRDA:563,48,1,0
BRDA:563,49,0,0
BRDA:563,49,1,0
BRDA:564,50,0,0
BRDA:564,50,1,0
BRDA:565,51,0,0
BRDA:565,51,1,0
BRDA:565,52,0,0
BRDA:565,52,1,0
BRDA:565,53,0,0
BRDA:565,53,1,0
BRDA:565,54,0,0
BRDA:565,54,1,0
BRDA:566,55,0,0
BRDA:566,55,1,0
BRDA:567,56,0,0
BRDA:567,56,1,0
BRDA:567,57,0,0
BRDA:567,57,1,0
BRDA:567,58,0,0
BRDA:567,58,1,0
BRDA:574,59,0,0
BRDA:574,59,1,0
BRDA:633,60,0,0
BRDA:633,60,1,0
BRDA:675,61,0,0
BRDA:675,61,1,0
BRDA:685,62,0,0
BRDA:685,62,1,0
BRDA:687,63,0,0
BRDA:687,63,1,0
BRDA:700,64,0,0
BRDA:700,64,1,0
BRDA:716,65,0,0
BRDA:716,65,1,0
BRDA:723,66,0,0
BRDA:723,66,1,0
BRDA:724,67,0,0
BRDA:724,67,1,0
BRDA:725,68,0,0
BRDA:725,68,1,0
BRDA:726,69,0,0
BRDA:726,69,1,0
BRDA:727,70,0,0
BRDA:727,70,1,0
BRDA:728,71,0,0
BRDA:728,71,1,0
BRDA:729,72,0,0
BRDA:729,72,1,0
BRDA:730,73,0,0
BRDA:730,73,1,0
BRDA:731,74,0,0
BRDA:731,74,1,0
BRDA:732,75,0,0
BRDA:732,75,1,0
BRDA:733,76,0,0
BRDA:733,76,1,0
BRDA:734,77,0,0
BRDA:734,77,1,0
BRDA:735,78,0,0
BRDA:735,78,1,0
BRDA:737,79,0,0
BRDA:737,79,1,0
BRDA:765,80,0,0
BRDA:765,80,1,0
BRDA:815,81,0,0
BRDA:815,81,1,0
BRDA:841,82,0,0
BRDA:841,82,1,0
BRDA:853,83,0,0
BRDA:853,83,1,0
BRF:164
BRH:0
end_of_record
TN:
SF:routes\promotions.routes.js
FN:20,(anonymous_0)
FN:42,(anonymous_1)
FN:63,(anonymous_2)
FN:85,(anonymous_3)
FN:107,(anonymous_4)
FNF:5
FNH:0
FNDA:0,(anonymous_0)
FNDA:0,(anonymous_1)
FNDA:0,(anonymous_2)
FNDA:0,(anonymous_3)
FNDA:0,(anonymous_4)
DA:6,0
DA:7,0
DA:8,0
DA:9,0
DA:10,0
DA:11,0
DA:12,0
DA:13,0
DA:20,0
DA:21,0
DA:22,0
DA:23,0
DA:25,0
DA:30,0
DA:31,0
DA:42,0
DA:43,0
DA:44,0
DA:46,0
DA:51,0
DA:52,0
DA:63,0
DA:64,0
DA:65,0
DA:67,0
DA:73,0
DA:74,0
DA:85,0
DA:86,0
DA:87,0
DA:89,0
DA:95,0
DA:96,0
DA:107,0
DA:108,0
DA:109,0
DA:111,0
DA:117,0
DA:118,0
DA:125,0
LF:40
LH:0
BRDA:23,0,0,0
BRDA:23,0,1,0
BRF:2
BRH:0
end_of_record
TN:
SF:routes\reconciliation.routes.js
FN:19,(anonymous_0)
FN:54,(anonymous_1)
FNF:2
FNH:0
FNDA:0,(anonymous_0)
FNDA:0,(anonymous_1)
DA:5,0
DA:6,0
DA:7,0
DA:8,0
DA:9,0
DA:10,0
DA:11,0
DA:12,0
DA:13,0
DA:19,0
DA:20,0
DA:21,0
DA:24,0
DA:34,0
DA:36,0
DA:42,0
DA:43,0
DA:54,0
DA:55,0
DA:56,0
DA:57,0
DA:60,0
DA:61,0
DA:72,0
DA:74,0
DA:79,0
DA:80,0
DA:87,0
LF:28
LH:0
BRDA:60,0,0,0
BRDA:60,0,1,0
BRDA:82,1,0,0
BRDA:82,1,1,0
BRF:4
BRH:0
end_of_record
TN:
SF:routes\reviews.routes.js
FN:33,(anonymous_0)
FN:38,(anonymous_1)
FN:133,(anonymous_2)
FN:208,(anonymous_3)
FN:210,(anonymous_4)
FN:264,(anonymous_5)
FN:418,(anonymous_6)
FN:555,(anonymous_7)
FN:629,(anonymous_8)
FN:753,(anonymous_9)
FN:755,(anonymous_10)
FN:822,(anonymous_11)
FN:915,(anonymous_12)
FNF:13
FNH:0
FNDA:0,(anonymous_0)
FNDA:0,(anonymous_1)
FNDA:0,(anonymous_2)
FNDA:0,(anonymous_3)
FNDA:0,(anonymous_4)
FNDA:0,(anonymous_5)
FNDA:0,(anonymous_6)
FNDA:0,(anonymous_7)
FNDA:0,(anonymous_8)
FNDA:0,(anonymous_9)
FNDA:0,(anonymous_10)
FNDA:0,(anonymous_11)
FNDA:0,(anonymous_12)
DA:5,0
DA:6,0
DA:7,0
DA:8,0
DA:9,0
DA:10,0
DA:11,0
DA:12,0
DA:13,0
DA:14,0
DA:15,0
DA:16,0
DA:24,0
DA:34,0
DA:35,0
DA:39,0
DA:40,0
DA:41,0
DA:42,0
DA:49,0
DA:50,0
DA:51,0
DA:52,0
DA:53,0
DA:54,0
DA:55,0
DA:58,0
DA:63,0
DA:64,0
DA:71,0
DA:72,0
DA:74,0
DA:75,0
DA:76,0
DA:79,0
DA:80,0
DA:84,0
DA:85,0
DA:87,0
DA:88,0
DA:90,0
DA:91,0
DA:93,0
DA:94,0
DA:97,0
DA:98,0
DA:102,0
DA:126,0
DA:127,0
DA:133,0
DA:141,0
DA:142,0
DA:157,0
DA:161,0
DA:162,0
DA:163,0
DA:164,0
DA:165,0
DA:167,0
DA:168,0
DA:171,0
DA:175,0
DA:177,0
DA:190,0
DA:191,0
DA:204,0
DA:208,0
DA:211,0
DA:212,0
DA:213,0
DA:214,0
DA:221,0
DA:224,0
DA:229,0
DA:230,0
DA:237,0
DA:239,0
DA:244,0
DA:245,0
DA:258,0
DA:265,0
DA:266,0
DA:267,0
DA:268,0
DA:275,0
DA:276,0
DA:277,0
DA:280,0
DA:285,0
DA:286,0
DA:293,0
DA:298,0
DA:299,0
DA:306,0
DA:307,0
DA:309,0
DA:311,0
DA:318,0
DA:319,0
DA:326,0
DA:327,0
DA:332,0
DA:333,0
DA:334,0
DA:335,0
DA:340,0
DA:355,0
DA:358,0
DA:361,0
DA:362,0
DA:363,0
DA:366,0
DA:389,0
DA:391,0
DA:399,0
DA:400,0
DA:413,0
DA:419,0
DA:420,0
DA:421,0
DA:422,0
DA:429,0
DA:430,0
DA:431,0
DA:434,0
DA:439,0
DA:440,0
DA:447,0
DA:448,0
DA:454,0
DA:455,0
DA:456,0
DA:459,0
DA:460,0
DA:462,0
DA:463,0
DA:464,0
DA:467,0
DA:468,0
DA:469,0
DA:472,0
DA:473,0
DA:474,0
DA:477,0
DA:478,0
DA:485,0
DA:486,0
DA:489,0
DA:496,0
DA:497,0
DA:501,0
DA:502,0
DA:503,0
DA:506,0
DA:529,0
DA:531,0
DA:539,0
DA:540,0
DA:553,0
DA:556,0
DA:557,0
DA:558,0
DA:559,0
DA:566,0
DA:567,0
DA:568,0
DA:571,0
DA:576,0
DA:577,0
DA:584,0
DA:585,0
DA:591,0
DA:594,0
DA:597,0
DA:600,0
DA:601,0
DA:602,0
DA:605,0
DA:607,0
DA:612,0
DA:613,0
DA:626,0
DA:630,0
DA:631,0
DA:632,0
DA:633,0
DA:640,0
DA:641,0
DA:642,0
DA:645,0
DA:650,0
DA:651,0
DA:658,0
DA:659,0
DA:665,0
DA:668,0
DA:670,0
DA:672,0
DA:674,0
DA:677,0
DA:678,0
DA:680,0
DA:684,0
DA:690,0
DA:691,0
DA:693,0
DA:697,0
DA:704,0
DA:710,0
DA:711,0
DA:713,0
DA:718,0
DA:721,0
DA:726,0
DA:735,0
DA:736,0
DA:749,0
DA:753,0
DA:756,0
DA:757,0
DA:758,0
DA:759,0
DA:766,0
DA:769,0
DA:774,0
DA:775,0
DA:782,0
DA:798,0
DA:805,0
DA:806,0
DA:819,0
DA:823,0
DA:824,0
DA:825,0
DA:826,0
DA:833,0
DA:834,0
DA:835,0
DA:836,0
DA:839,0
DA:844,0
DA:845,0
DA:853,0
DA:854,0
DA:861,0
DA:866,0
DA:869,0
DA:870,0
DA:873,0
DA:889,0
DA:897,0
DA:898,0
DA:911,0
DA:916,0
DA:917,0
DA:918,0
DA:919,0
DA:926,0
DA:927,0
DA:928,0
DA:931,0
DA:936,0
DA:937,0
DA:944,0
DA:945,0
DA:952,0
DA:956,0
DA:958,0
DA:959,0
DA:965,0
DA:968,0
DA:969,0
DA:970,0
DA:971,0
DA:973,0
DA:978,0
DA:986,0
DA:988,0
DA:996,0
DA:997,0
DA:1004,0
LF:281
LH:0
BRDA:34,0,0,0
BRDA:34,1,0,0
BRDA:35,2,0,0
BRDA:35,2,1,0
BRDA:35,3,0,0
BRDA:35,3,1,0
BRDA:35,4,0,0
BRDA:35,4,1,0
BRDA:41,5,0,0
BRDA:41,5,1,0
BRDA:50,6,0,0
BRDA:50,6,1,0
BRDA:51,7,0,0
BRDA:51,7,1,0
BRDA:52,8,0,0
BRDA:52,8,1,0
BRDA:53,9,0,0
BRDA:53,9,1,0
BRDA:63,10,0,0
[...]
BRDA:234,23,0,0
BRDA:234,23,1,0
BRDA:280,24,0,0
BRDA:280,24,1,0
BRDA:308,25,0,0
BRDA:308,26,0,0
BRDA:315,27,0,0
BRDA:315,27,1,0
BRDA:322,28,0,0
BRDA:322,28,1,0
BRDA:329,29,0,0
BRDA:329,29,1,0
BRDA:333,30,0,0
BRDA:333,30,1,0
BRDA:343,31,0,0
BRDA:343,31,1,0
BRDA:346,32,0,0
BRDA:346,32,1,0
BRDA:351,33,0,0
BRDA:351,33,1,0
BRDA:359,34,0,0
BRDA:359,34,1,0
BRDA:389,35,0,0
BRDA:389,35,1,0
BRDA:416,36,0,0
BRDA:424,37,0,0
BRDA:424,37,1,0
BRDA:431,38,0,0
BRDA:431,38,1,0
BRDA:442,39,0,0
BRDA:442,39,1,0
BRDA:469,40,0,0
BRDA:469,40,1,0
BRDA:504,41,0,0
BRDA:504,41,1,0
BRDA:511,42,0,0
BRDA:511,42,1,0
BRDA:522,43,0,0
BRDA:522,43,1,0
BRDA:527,44,0,0
BRDA:527,44,1,0
BRDA:547,45,0,0
BRDA:547,45,1,0
BRDA:575,46,0,0
BRDA:578,47,0,0
BRDA:578,47,1,0
BRDA:584,48,0,0
BRDA:584,48,1,0
BRDA:597,49,0,0
BRDA:597,49,1,0
BRDA:605,50,0,0
BRDA:605,50,1,0
BRDA:610,51,0,0
BRDA:610,51,1,0
BRDA:610,52,0,0
BRDA:610,52,1,0
BRDA:613,53,0,0
BRDA:613,53,1,0
BRDA:616,54,0,0
BRDA:616,54,1,0
BRDA:616,55,0,0
BRDA:616,55,1,0
BRDA:619,56,0,0
BRDA:619,56,1,0
BRDA:619,57,0,0
BRDA:619,57,1,0
BRDA:666,58,0,0
BRDA:682,59,0,0
BRDA:682,59,1,0
BRDA:689,60,0,0
BRDA:689,60,1,0
BRDA:721,61,0,0
BRDA:721,61,1,0
BRDA:757,62,0,0
BRDA:759,63,0,0
BRDA:759,63,1,0
BRDA:760,64,0,0
BRDA:760,64,1,0
BRDA:766,65,0,0
BRDA:766,65,1,0
BRDA:776,66,0,0
BRDA:776,66,1,0
BRDA:817,67,0,0
BRDA:819,68,0,0
BRDA:819,68,1,0
BRDA:820,69,0,0
BRDA:820,69,1,0
BRDA:826,70,0,0
BRDA:826,70,1,0
BRDA:831,71,0,0
BRDA:831,71,1,0
BRDA:841,72,0,0
BRDA:841,72,1,0
BRF:138
BRH:0
end_of_record
TN:
SF:services\payment.service.js
FN:47,mapStripeStatusToPaymentStatus
FN:67,createPayment
FN:69,(anonymous_2)
FN:180,createStripePaymentIntent
FN:255,confirmPayment
FN:257,(anonymous_5)
FN:357,failPayment
FN:359,(anonymous_7)
FN:435,refundPayment
FN:437,(anonymous_9)
FN:535,getPaymentById
FN:569,getPaymentsByOrderId
FN:581,(anonymous_12)
FN:597,listAllPayments
FN:646,(anonymous_14)
FNF:15
FNH:0
FNDA:0,mapStripeStatusToPaymentStatus
FNDA:0,createPayment
FNDA:0,(anonymous_2)
FNDA:0,createStripePaymentIntent
FNDA:0,confirmPayment
FNDA:0,(anonymous_5)
FNDA:0,failPayment
FNDA:0,(anonymous_7)
FNDA:0,refundPayment
FNDA:0,(anonymous_9)
FNDA:0,getPaymentById
FNDA:0,getPaymentsByOrderId
FNDA:0,(anonymous_12)
FNDA:0,listAllPayments
FNDA:0,(anonymous_14)
DA:8,1
DA:9,1
DA:10,1
DA:11,1
DA:13,0
DA:17,1
DA:18,1
DA:19,1
DA:20,1
DA:21,1
DA:26,1
DA:35,1
DA:48,0
DA:57,0
DA:68,0
DA:69,0
DA:71,0
DA:77,0
DA:78,0
DA:81,0
DA:83,0
DA:84,0
DA:88,0
DA:89,0
DA:90,0
DA:94,0
DA:95,0
DA:96,0
DA:98,0
DA:99,0
DA:100,0
DA:101,0
DA:102,0
DA:104,0
DA:105,0
DA:107,0
DA:111,0
DA:114,0
DA:115,0
DA:130,0
DA:132,0
DA:146,0
DA:150,0
DA:151,0
DA:158,0
DA:167,0
DA:169,0
DA:172,0
DA:173,0
DA:181,0
DA:182,0
DA:185,0
DA:187,0
DA:195,0
DA:196,0
DA:199,0
DA:200,0
DA:204,0
DA:205,0
DA:206,0
DA:208,0
DA:209,0
DA:210,0
DA:216,0
DA:224,0
DA:225,0
DA:239,0
DA:244,0
DA:245,0
DA:256,0
DA:257,0
DA:259,0
DA:263,0
DA:264,0
DA:267,0
DA:270,0
DA:272,0
DA:273,0
DA:276,0
DA:277,0
DA:281,0
DA:282,0
DA:283,0
DA:285,0
DA:286,0
DA:288,0
DA:289,0
DA:293,0
DA:300,0
DA:306,0
DA:307,0
DA:312,0
DA:320,0
DA:322,0
DA:330,0
DA:340,0
DA:342,0
DA:345,0
DA:346,0
DA:358,0
DA:359,0
DA:361,0
DA:365,0
DA:366,0
DA:369,0
DA:372,0
DA:373,0
DA:376,0
DA:378,0
DA:379,0
DA:383,0
DA:390,0
DA:398,0
DA:400,0
DA:407,0
DA:417,0
DA:419,0
DA:422,0
DA:423,0
DA:436,0
DA:437,0
DA:439,0
DA:443,0
DA:444,0
DA:447,0
DA:450,0
DA:451,0
DA:454,0
DA:456,0
DA:457,0
DA:461,0
DA:462,0
DA:463,0
DA:465,0
DA:466,0
DA:472,0
DA:480,0
DA:486,0
DA:487,0
DA:492,0
DA:500,0
DA:502,0
DA:510,0
DA:520,0
DA:522,0
DA:525,0
DA:526,0
DA:536,0
DA:537,0
DA:547,0
DA:548,0
DA:551,0
DA:553,0
DA:559,0
DA:560,0
DA:570,0
DA:571,0
DA:581,0
DA:587,0
DA:588,0
DA:598,0
DA:599,0
DA:600,0
DA:601,0
DA:603,0
DA:604,0
DA:606,0
DA:607,0
DA:608,0
DA:611,0
DA:612,0
DA:613,0
DA:616,0
DA:617,0
DA:618,0
DA:622,0
DA:626,0
DA:629,0
DA:630,0
DA:631,0
DA:645,0
DA:646,0
DA:658,0
DA:659,0
DA:663,1
LF:185
LH:12
BRDA:9,0,0,1
BRDA:9,0,1,0
BRDA:57,1,0,0
BRDA:57,1,1,0
BRDA:67,2,0,0
BRDA:67,3,0,0
BRDA:77,4,0,0
BRDA:77,4,1,0
BRDA:83,5,0,0
BRDA:83,5,1,0
BRDA:89,6,0,0
BRDA:89,6,1,0
BRDA:89,7,0,0
BRDA:89,7,1,0
BRDA:98,8,0,0
BRDA:98,8,1,0
BRDA:102,9,0,0
BRDA:102,9,1,0
BRDA:111,10,0,0
BRDA:111,10,1,0
BRDA:114,11,0,0
BRDA:114,11,1,0
BRDA:130,12,0,0
BRDA:130,12,1,0
BRDA:150,13,0,0
BRDA:150,13,1,0
BRDA:150,14,0,0
BRDA:150,14,1,0
BRDA:181,15,0,0
BRDA:181,15,1,0
BRDA:195,16,0,0
BRDA:195,16,1,0
BRDA:199,17,0,0
BRDA:199,17,1,0
BRDA:204,18,0,0
BRDA:204,18,1,0
BRDA:205,19,0,0
BRDA:205,19,1,0
BRDA:255,20,0,0
BRDA:263,21,0,0
BRDA:263,21,1,0
BRDA:270,22,0,0
BRDA:270,22,1,0
BRDA:276,23,0,0
BRDA:276,23,1,0
BRDA:276,24,0,0
BRDA:276,24,1,0
BRDA:281,25,0,0
BRDA:281,25,1,0
BRDA:281,26,0,0
BRDA:281,26,1,0
BRDA:282,27,0,0
BRDA:282,27,1,0
BRDA:288,28,0,0
BRDA:288,28,1,0
BRDA:294,29,0,0
BRDA:294,29,1,0
BRDA:357,30,0,0
BRDA:365,31,0,0
BRDA:365,31,1,0
BRDA:372,32,0,0
BRDA:372,32,1,0
BRDA:376,33,0,0
BRDA:376,33,1,0
BRDA:384,34,0,0
BRDA:384,34,1,0
BRDA:435,35,0,0
BRDA:443,36,0,0
BRDA:443,36,1,0
BRDA:450,37,0,0
BRDA:450,37,1,0
BRDA:454,38,0,0
BRDA:454,38,1,0
BRDA:461,39,0,0
BRDA:461,39,1,0
BRDA:461,40,0,0
BRDA:461,40,1,0
BRDA:462,41,0,0
BRDA:462,41,1,0
BRDA:473,42,0,0
BRDA:473,42,1,0
BRDA:547,43,0,0
BRDA:547,43,1,0
BRDA:556,44,0,0
BRDA:556,44,1,0
BRDA:584,45,0,0
BRDA:584,45,1,0
BRDA:597,46,0,0
BRDA:599,47,0,0
BRDA:599,47,1,0
BRDA:600,48,0,0
BRDA:600,48,1,0
BRDA:606,49,0,0
BRDA:606,49,1,0
BRDA:611,50,0,0
BRDA:611,50,1,0
BRDA:616,51,0,0
BRDA:616,51,1,0
BRDA:626,52,0,0
BRDA:626,52,1,0
BRF:100
BRH:1
end_of_record
TN:
SF:services\permission.service.js
FN:16,getUserPermissions
FN:40,(anonymous_1)
FN:52,(anonymous_2)
FN:70,hasPermission
FN:83,hasAnyPermission
FN:86,(anonymous_5)
FN:96,hasAllPermissions
FN:99,(anonymous_7)
FN:109,invalidateUserPermissionCache
FN:117,clearPermissionCache
FN:124,getUserRoles
FN:145,assignRoleToUser
FN:165,removeRoleFromUser
FN:185,getAllPermissions
FN:201,getRolePermissions
FN:222,assignPermissionsToRole
FN:232,(anonymous_16)
FN:244,(anonymous_17)
FNF:18
FNH:0
FNDA:0,getUserPermissions
FNDA:0,(anonymous_1)
FNDA:0,(anonymous_2)
FNDA:0,hasPermission
FNDA:0,hasAnyPermission
FNDA:0,(anonymous_5)
FNDA:0,hasAllPermissions
FNDA:0,(anonymous_7)
FNDA:0,invalidateUserPermissionCache
FNDA:0,clearPermissionCache
FNDA:0,getUserRoles
FNDA:0,assignRoleToUser
FNDA:0,removeRoleFromUser
FNDA:0,getAllPermissions
FNDA:0,getRolePermissions
FNDA:0,assignPermissionsToRole
FNDA:0,(anonymous_16)
FNDA:0,(anonymous_17)
DA:6,0
DA:7,0
DA:10,0
DA:11,0
DA:17,0
DA:19,0
DA:20,0
DA:21,0
DA:22,0
DA:26,0
DA:31,0
DA:33,0
DA:37,0
DA:40,0
DA:43,0
DA:52,0
DA:55,0
DA:60,0
DA:62,0
DA:63,0
DA:71,0
DA:72,0
DA:73,0
DA:75,0
DA:76,0
DA:84,0
DA:85,0
DA:86,0
DA:88,0
DA:89,0
DA:97,0
DA:98,0
DA:99,0
DA:101,0
DA:102,0
DA:110,0
DA:111,0
DA:118,0
DA:125,0
DA:126,0
DA:135,0
DA:137,0
DA:138,0
DA:146,0
DA:147,0
DA:153,0
DA:155,0
DA:157,0
DA:158,0
DA:166,0
DA:167,0
DA:173,0
DA:175,0
DA:177,0
DA:178,0
DA:186,0
DA:187,0
DA:191,0
DA:193,0
DA:194,0
DA:202,0
DA:203,0
DA:212,0
DA:214,0
DA:215,0
DA:223,0
DA:225,0
DA:231,0
DA:232,0
DA:233,0
DA:239,0
DA:244,0
DA:245,0
DA:248,0
DA:250,0
DA:251,0
DA:255,0
LF:77
LH:0
BRDA:21,0,0,0
BRDA:21,0,1,0
BRDA:21,1,0,0
BRDA:21,1,1,0
BRDA:31,2,0,0
BRDA:31,2,1,0
BRDA:231,3,0,0
BRDA:231,3,1,0
BRF:8
BRH:0
end_of_record
TN:
SF:services\promotion.service.js
FN:15,getActivePromotions
FN:34,(anonymous_1)
FN:66,getAllPromotions
FN:85,(anonymous_3)
FN:99,createPromotion
FN:143,updatePromotion
FN:206,deletePromotion
FNF:7
FNH:0
FNDA:0,getActivePromotions
FNDA:0,(anonymous_1)
FNDA:0,getAllPromotions
FNDA:0,(anonymous_3)
FNDA:0,createPromotion
FNDA:0,updatePromotion
FNDA:0,deletePromotion
DA:6,0
DA:7,0
DA:16,0
DA:17,0
DA:23,0
DA:25,0
DA:26,0
DA:27,0
DA:30,0
DA:32,0
DA:34,0
DA:58,0
DA:59,0
DA:67,0
DA:68,0
DA:69,0
DA:71,0
DA:72,0
DA:73,0
DA:76,0
DA:77,0
DA:78,0
DA:81,0
DA:83,0
DA:85,0
DA:91,0
DA:92,0
DA:100,0
DA:101,0
DA:133,0
DA:135,0
DA:136,0
DA:144,0
DA:145,0
DA:196,0
DA:198,0
DA:199,0
DA:207,0
DA:208,0
DA:209,0
DA:211,0
DA:212,0
DA:216,0
LF:43
LH:0
BRDA:15,0,0,0
BRDA:25,1,0,0
BRDA:25,1,1,0
BRDA:39,2,0,0
BRDA:39,2,1,0
BRDA:40,3,0,0
BRDA:40,3,1,0
BRDA:44,4,0,0
BRDA:44,4,1,0
BRDA:47,5,0,0
BRDA:47,5,1,0
BRDA:48,6,0,0
BRDA:48,6,1,0
BRDA:49,7,0,0
BRDA:49,7,1,0
BRDA:50,8,0,0
BRDA:50,8,1,0
BRDA:55,9,0,0
BRDA:55,9,1,0
BRDA:66,10,0,0
BRDA:71,11,0,0
BRDA:71,11,1,0
BRDA:76,12,0,0
BRDA:76,12,1,0
BRDA:78,13,0,0
BRDA:78,13,1,0
BRDA:87,14,0,0
BRDA:87,14,1,0
BRDA:88,15,0,0
BRDA:88,15,1,0
BRDA:109,16,0,0
BRDA:109,16,1,0
BRDA:111,17,0,0
BRDA:111,17,1,0
BRDA:112,18,0,0
BRDA:112,18,1,0
BRDA:113,19,0,0
BRDA:113,19,1,0
BRDA:114,20,0,0
BRDA:114,20,1,0
BRDA:117,21,0,0
BRDA:117,21,1,0
BRDA:117,22,0,0
BRDA:117,22,1,0
BRDA:118,23,0,0
BRDA:118,23,1,0
BRDA:119,24,0,0
BRDA:119,24,1,0
BRDA:120,25,0,0
BRDA:120,25,1,0
BRDA:121,26,0,0
BRDA:121,26,1,0
BRDA:122,27,0,0
BRDA:122,27,1,0
BRDA:123,28,0,0
BRDA:123,28,1,0
BRDA:124,29,0,0
BRDA:124,29,1,0
BRDA:125,30,0,0
BRDA:125,30,1,0
BRDA:126,31,0,0
BRDA:126,31,1,0
BRDA:127,32,0,0
BRDA:127,32,1,0
BRDA:128,33,0,0
BRDA:128,33,1,0
BRDA:129,34,0,0
BRDA:129,34,1,0
BRDA:129,35,0,0
BRDA:129,35,1,0
BRDA:130,36,0,0
BRDA:130,36,1,0
BRDA:171,37,0,0
BRDA:171,37,1,0
BRDA:173,38,0,0
BRDA:173,38,1,0
BRDA:174,39,0,0
BRDA:174,39,1,0
BRDA:175,40,0,0
BRDA:175,40,1,0
BRDA:176,41,0,0
BRDA:176,41,1,0
BRDA:179,42,0,0
BRDA:179,42,1,0
BRDA:179,43,0,0
BRDA:179,43,1,0
BRDA:180,44,0,0
BRDA:180,44,1,0
BRDA:181,45,0,0
BRDA:181,45,1,0
BRDA:182,46,0,0
BRDA:182,46,1,0
BRDA:183,47,0,0
BRDA:183,47,1,0
BRDA:184,48,0,0
BRDA:184,48,1,0
BRDA:185,49,0,0
BRDA:185,49,1,0
BRDA:186,50,0,0
BRDA:186,50,1,0
BRDA:187,51,0,0
BRDA:187,51,1,0
BRDA:188,52,0,0
BRDA:188,52,1,0
BRDA:189,53,0,0
BRDA:189,53,1,0
BRDA:190,54,0,0
BRDA:190,54,1,0
BRDA:191,55,0,0
BRDA:191,55,1,0
BRDA:191,56,0,0
BRDA:191,56,1,0
BRDA:192,57,0,0
BRDA:192,57,1,0
BRF:114
BRH:0
end_of_record
TN:
SF:services\reconciliation.service.js
FN:24,reconcilePendingPayments
FN:189,reconcileOrder
FNF:2
FNH:0
FNDA:0,reconcilePendingPayments
FNDA:0,reconcileOrder
DA:7,0
DA:8,0
DA:9,0
DA:10,0
DA:12,0
DA:16,0
DA:17,0
DA:18,0
DA:25,0
DA:26,0
DA:27,0
DA:30,0
DA:31,0
DA:34,0
DA:44,0
DA:45,0
DA:46,0
DA:49,0
DA:51,0
DA:52,0
DA:53,0
DA:55,0
DA:56,0
DA:58,0
DA:61,0
DA:62,0
DA:65,0
DA:66,0
DA:67,0
DA:70,0
DA:71,0
DA:82,0
DA:92,0
DA:93,0
DA:100,0
DA:103,0
DA:105,0
DA:111,0
DA:112,0
DA:120,0
DA:128,0
DA:129,0
DA:131,0
DA:132,0
DA:137,0
DA:144,0
DA:151,0
DA:159,0
DA:167,0
DA:168,0
DA:174,0
DA:181,0
DA:182,0
DA:190,0
DA:191,0
DA:194,0
DA:195,0
DA:201,0
DA:202,0
DA:205,0
DA:207,0
DA:208,0
DA:212,0
DA:213,0
DA:215,0
DA:216,0
DA:223,0
DA:231,0
DA:237,0
DA:238,0
DA:242,0
LF:71
LH:0
BRDA:8,0,0,0
BRDA:8,0,1,0
BRDA:25,1,0,0
BRDA:25,1,1,0
BRDA:44,2,0,0
BRDA:44,2,1,0
BRDA:70,3,0,0
BRDA:70,3,1,0
BRDA:70,4,0,0
BRDA:70,4,1,0
BRDA:92,5,0,0
BRDA:92,5,1,0
BRDA:103,6,0,0
BRDA:103,6,1,0
BRDA:103,7,0,0
BRDA:103,7,1,0
BRDA:129,8,0,0
BRDA:129,8,1,0
BRDA:129,9,0,0
BRDA:129,9,1,0
BRDA:131,10,0,0
BRDA:131,10,1,0
BRDA:167,11,0,0
BRDA:167,11,1,0
BRDA:190,12,0,0
BRDA:190,12,1,0
BRDA:201,13,0,0
BRDA:201,13,1,0
BRDA:207,14,0,0
BRDA:207,14,1,0
BRDA:215,15,0,0
BRDA:215,15,1,0
BRF:32
BRH:0
end_of_record
TN:
SF:services\review.service.js
FN:13,updateProductRating
FN:62,verifyPurchase
FN:90,hasUserVoted
FN:109,getProductRatingStats
FNF:4
FNH:0
FNDA:0,updateProductRating
FNDA:0,verifyPurchase
FNDA:0,hasUserVoted
FNDA:0,getProductRatingStats
DA:5,0
DA:6,0
DA:14,0
DA:16,0
DA:24,0
DA:25,0
DA:26,0
DA:30,0
DA:31,0
DA:37,0
DA:41,0
DA:43,0
DA:47,0
DA:52,0
DA:53,0
DA:63,0
DA:65,0
DA:76,0
DA:77,0
DA:80,0
DA:82,0
DA:83,0
DA:91,0
DA:92,0
DA:99,0
DA:101,0
DA:102,0
DA:110,0
DA:111,0
DA:125,0
DA:126,0
DA:127,0
DA:129,0
DA:137,0
DA:144,0
DA:145,0
DA:149,0
LF:37
LH:0
BRDA:25,0,0,0
BRDA:25,0,1,0
BRDA:26,1,0,0
BRDA:26,1,1,0
BRDA:41,2,0,0
BRDA:41,2,1,0
BRDA:41,3,0,0
BRDA:41,3,1,0
BRDA:48,4,0,0
BRDA:48,4,1,0
BRDA:76,5,0,0
BRDA:76,5,1,0
BRDA:99,6,0,0
BRDA:99,6,1,0
BRDA:126,7,0,0
BRDA:126,7,1,0
BRDA:127,8,0,0
BRDA:127,8,1,0
BRDA:130,9,0,0
BRDA:130,9,1,0
BRDA:131,10,0,0
BRDA:131,10,1,0
BRDA:132,11,0,0
BRDA:132,11,1,0
BRDA:133,12,0,0
BRDA:133,12,1,0
BRDA:134,13,0,0
BRDA:134,13,1,0
BRDA:141,14,0,0
BRDA:141,14,1,0
BRF:30
BRH:0
end_of_record
TN:
SF:services\stock.service.js
FN:16,getAvailableStock
FN:75,validateStock
FN:114,hasVariants
FN:134,getDefaultVariantStock
FN:161,getStockInfo
FNF:5
FNH:0
FNDA:0,getAvailableStock
FNDA:0,validateStock
FNDA:0,hasVariants
FNDA:0,getDefaultVariantStock
FNDA:0,getStockInfo
DA:7,0
DA:8,0
DA:17,0
DA:19,0
DA:20,0
DA:27,0
DA:28,0
DA:31,0
DA:35,0
DA:41,0
DA:43,0
DA:46,0
DA:50,0
DA:57,0
DA:58,0
DA:61,0
DA:63,0
DA:64,0
DA:76,0
DA:77,0
DA:78,0
DA:85,0
DA:87,0
DA:88,0
DA:95,0
DA:100,0
DA:101,0
DA:115,0
DA:116,0
DA:122,0
DA:124,0
DA:125,0
DA:135,0
DA:136,0
DA:144,0
DA:145,0
DA:148,0
DA:150,0
DA:151,0
DA:162,0
DA:163,0
DA:164,0
DA:165,0
DA:167,0
DA:169,0
DA:170,0
DA:171,0
DA:174,0
DA:182,0
DA:183,0
DA:184,0
DA:189,0
DA:192,0
DA:198,0
DA:199,0
DA:206,0
LF:56
LH:0
BRDA:16,0,0,0
BRDA:19,1,0,0
BRDA:19,1,1,0
BRDA:27,2,0,0
BRDA:27,2,1,0
BRDA:31,3,0,0
BRDA:31,3,1,0
BRDA:43,4,0,0
BRDA:43,4,1,0
BRDA:57,5,0,0
BRDA:57,5,1,0
BRDA:61,6,0,0
BRDA:61,6,1,0
BRDA:75,7,0,0
BRDA:75,8,0,0
BRDA:77,9,0,0
BRDA:77,9,1,0
BRDA:87,10,0,0
BRDA:87,10,1,0
BRDA:144,11,0,0
BRDA:144,11,1,0
BRDA:145,12,0,0
BRDA:145,12,1,0
BRDA:161,13,0,0
BRDA:167,14,0,0
BRDA:167,14,1,0
BRDA:169,15,0,0
BRDA:169,15,1,0
BRDA:182,16,0,0
BRDA:182,16,1,0
BRDA:183,17,0,0
BRDA:183,17,1,0
BRF:32
BRH:0
end_of_record
TN:
SF:services\variant.service.js
FN:12,getProductVariants
FN:41,(anonymous_1)
FN:64,getVariantById
FN:94,(anonymous_3)
FN:120,hasDuplicateCombination
FN:127,(anonymous_5)
FN:148,(anonymous_6)
FN:149,(anonymous_7)
FN:175,(anonymous_8)
FN:185,(anonymous_9)
FN:190,(anonymous_10)
FN:207,generateVariantName
FN:216,(anonymous_12)
FN:217,(anonymous_13)
FN:239,(anonymous_14)
FN:253,setDefaultVariant
FN:290,canDeleteVariant
FN:366,createVariant
FN:368,(anonymous_18)
FNF:19
FNH:0
FNDA:0,getProductVariants
FNDA:0,(anonymous_1)
FNDA:0,getVariantById
FNDA:0,(anonymous_3)
FNDA:0,hasDuplicateCombination
FNDA:0,(anonymous_5)
FNDA:0,(anonymous_6)
FNDA:0,(anonymous_7)
FNDA:0,(anonymous_8)
FNDA:0,(anonymous_9)
FNDA:0,(anonymous_10)
FNDA:0,generateVariantName
FNDA:0,(anonymous_12)
FNDA:0,(anonymous_13)
FNDA:0,(anonymous_14)
FNDA:0,setDefaultVariant
FNDA:0,canDeleteVariant
FNDA:0,createVariant
FNDA:0,(anonymous_18)
DA:5,0
DA:6,0
DA:7,0
DA:13,0
DA:14,0
DA:18,0
DA:39,0
DA:40,0
DA:41,0
DA:54,0
DA:56,0
DA:57,0
DA:65,0
DA:66,0
DA:86,0
DA:87,0
DA:90,0
DA:93,0
DA:94,0
DA:106,0
DA:108,0
DA:109,0
DA:121,0
DA:122,0
DA:123,0
DA:127,0
DA:128,0
DA:129,0
DA:133,0
DA:134,0
DA:136,0
DA:144,0
DA:145,0
DA:148,0
DA:149,0
DA:152,0
DA:162,0
DA:163,0
DA:164,0
DA:165,0
DA:167,0
DA:174,0
DA:175,0
DA:179,0
DA:180,0
DA:181,0
DA:184,0
DA:185,0
DA:189,0
DA:190,0
DA:191,0
DA:195,0
DA:197,0
DA:198,0
DA:208,0
DA:209,0
DA:211,0
DA:212,0
DA:216,0
DA:217,0
DA:219,0
DA:231,0
DA:232,0
DA:236,0
DA:237,0
DA:239,0
DA:240,0
DA:242,0
DA:244,0
DA:245,0
DA:254,0
DA:256,0
DA:257,0
DA:258,0
DA:261,0
DA:264,0
DA:271,0
DA:277,0
DA:278,0
DA:280,0
DA:281,0
DA:291,0
DA:293,0
DA:300,0
DA:301,0
DA:307,0
DA:310,0
DA:316,0
DA:317,0
DA:324,0
DA:330,0
DA:331,0
DA:338,0
DA:344,0
DA:345,0
DA:351,0
DA:355,0
DA:356,0
DA:367,0
DA:368,0
DA:370,0
DA:371,0
DA:372,0
DA:373,0
DA:377,0
DA:378,0
DA:379,0
DA:384,0
DA:387,0
DA:405,0
DA:408,0
DA:409,0
DA:417,0
DA:418,0
DA:419,0
DA:426,0
DA:429,0
DA:430,0
DA:434,0
LF:119
LH:0
BRDA:12,0,0,0
BRDA:14,1,0,0
BRDA:14,1,1,0
BRDA:48,2,0,0
BRDA:48,2,1,0
BRDA:86,3,0,0
BRDA:86,3,1,0
BRDA:101,4,0,0
BRDA:101,4,1,0
BRDA:120,5,0,0
BRDA:122,6,0,0
BRDA:122,6,1,0
BRDA:122,7,0,0
BRDA:122,7,1,0
BRDA:128,8,0,0
BRDA:128,8,1,0
BRDA:133,9,0,0
BRDA:133,9,1,0
BRDA:134,10,0,0
BRDA:134,10,1,0
BRDA:144,11,0,0
BRDA:144,11,1,0
BRDA:164,12,0,0
BRDA:164,12,1,0
BRDA:180,13,0,0
BRDA:180,13,1,0
BRDA:189,14,0,0
BRDA:189,14,1,0
BRDA:189,15,0,0
BRDA:189,15,1,0
BRDA:209,16,0,0
BRDA:209,16,1,0
BRDA:209,17,0,0
BRDA:209,17,1,0
BRDA:212,18,0,0
BRDA:212,18,1,0
BRDA:231,19,0,0
BRDA:231,19,1,0
BRDA:237,20,0,0
BRDA:237,20,1,0
BRDA:239,21,0,0
BRDA:239,21,1,0
BRDA:242,22,0,0
BRDA:242,22,1,0
BRDA:257,23,0,0
BRDA:257,23,1,0
BRDA:300,24,0,0
BRDA:300,24,1,0
BRDA:316,25,0,0
BRDA:316,25,1,0
BRDA:330,26,0,0
BRDA:330,26,1,0
BRDA:344,27,0,0
BRDA:344,27,1,0
BRDA:370,28,0,0
BRDA:370,28,1,0
BRDA:370,29,0,0
BRDA:370,29,1,0
BRDA:372,30,0,0
BRDA:372,30,1,0
BRDA:378,31,0,0
BRDA:378,31,1,0
BRDA:384,32,0,0
BRDA:384,32,1,0
BRDA:395,33,0,0
BRDA:395,33,1,0
BRDA:397,34,0,0
BRDA:397,34,1,0
BRDA:398,35,0,0
BRDA:398,35,1,0
BRDA:399,36,0,0
BRDA:399,36,1,0
BRDA:400,37,0,0
BRDA:400,37,1,0
BRDA:401,38,0,0
BRDA:401,38,1,0
BRDA:402,39,0,0
BRDA:402,39,1,0
BRDA:405,40,0,0
BRDA:405,40,1,0
BRDA:405,40,2,0
BRDA:405,40,3,0
BRDA:408,41,0,0
BRDA:408,41,1,0
BRDA:417,42,0,0
BRDA:417,42,1,0
BRDA:417,43,0,0
BRDA:417,43,1,0
BRF:88
BRH:0
end_of_record
TN:
SF:tests\helpers\testAuth.js
FN:12,createTestToken
FN:24,testAuthenticate
FN:97,testRequireAdmin
FNF:3
FNH:0
FNDA:0,createTestToken
FNDA:0,testAuthenticate
FNDA:0,testRequireAdmin
DA:6,1
DA:7,1
DA:13,0
DA:25,0
DA:26,0
DA:28,0
DA:29,0
DA:35,0
DA:37,0
DA:38,0
DA:40,0
DA:41,0
DA:48,0
DA:60,0
DA:61,0
DA:67,0
DA:70,0
DA:71,0
DA:74,0
DA:75,0
DA:78,0
DA:79,0
DA:81,0
DA:87,0
DA:98,0
DA:99,0
DA:105,0
DA:108,0
DA:109,0
DA:115,0
DA:118,1
LF:31
LH:3
BRDA:15,0,0,0
BRDA:15,0,1,0
BRDA:28,1,0,0
BRDA:28,1,1,0
BRDA:28,2,0,0
BRDA:28,2,1,0
BRDA:38,3,0,0
BRDA:38,3,1,0
BRDA:40,4,0,0
BRDA:40,4,1,0
BRDA:60,5,0,0
BRDA:60,5,1,0
BRDA:70,6,0,0
BRDA:70,6,1,0
BRDA:71,7,0,0
BRDA:71,7,1,0
BRDA:74,8,0,0
BRDA:74,8,1,0
BRDA:74,9,0,0
BRDA:74,9,1,0
BRDA:98,10,0,0
BRDA:98,10,1,0
BRDA:105,11,0,0
BRDA:105,11,1,0
BRDA:105,11,2,0
BRDA:105,11,3,0
BRDA:108,12,0,0
BRDA:108,12,1,0
BRF:28
BRH:0
end_of_record
TN:
SF:utils\cache.js
FN:11,get
FN:27,set
FN:37,del
FN:44,clearPattern
FN:56,clear
FN:63,stats
FN:78,getOrSetCache
FN:92,clearCacheByPattern
FN:99,clearCache
FNF:9
FNH:0
FNDA:0,get
FNDA:0,set
FNDA:0,del
FNDA:0,clearPattern
FNDA:0,clear
FNDA:0,stats
FNDA:0,getOrSetCache
FNDA:0,clearCacheByPattern
FNDA:0,clearCache
DA:5,0
DA:6,0
DA:12,0
DA:13,0
DA:16,0
DA:17,0
DA:18,0
DA:21,0
DA:28,0
DA:38,0
DA:45,0
DA:46,0
DA:47,0
DA:48,0
DA:57,0
DA:64,0
DA:79,0
DA:80,0
DA:81,0
DA:84,0
DA:85,0
DA:86,0
DA:93,0
DA:100,0
DA:103,0
LF:25
LH:0
BRDA:13,0,0,0
BRDA:13,0,1,0
BRDA:16,1,0,0
BRDA:16,1,1,0
BRDA:27,2,0,0
BRDA:47,3,0,0
BRDA:47,3,1,0
BRDA:78,4,0,0
BRDA:80,5,0,0
BRDA:80,5,1,0
BRF:10
BRH:0
end_of_record
TN:
SF:utils\logger.js
FN:12,generateErrorId
FN:19,sanitizeData
FN:26,(anonymous_2)
FN:39,formatLog
FN:61,log
FN:72,error
FN:98,warn
FN:107,info
FN:118,debug
FN:129,critical
FN:145,requestLog
FNF:11
FNH:0
FNDA:0,generateErrorId
FNDA:0,sanitizeData
FNDA:0,(anonymous_2)
FNDA:0,formatLog
FNDA:0,log
FNDA:0,error
FNDA:0,warn
FNDA:0,info
FNDA:0,debug
FNDA:0,critical
FNDA:0,requestLog
DA:5,0
DA:6,0
DA:7,0
DA:13,0
DA:20,0
DA:22,0
DA:23,0
DA:25,0
DA:26,0
DA:27,0
DA:28,0
DA:29,0
DA:33,0
DA:40,0
DA:47,0
DA:48,0
DA:51,0
DA:54,0
DA:62,0
DA:63,0
DA:64,0
DA:65,0
DA:73,0
DA:74,0
DA:79,0
DA:80,0
DA:88,0
DA:89,0
DA:90,0
DA:92,0
DA:99,0
DA:100,0
DA:101,0
DA:108,0
DA:109,0
DA:110,0
DA:111,0
DA:119,0
DA:120,0
DA:121,0
DA:122,0
DA:130,0
DA:131,0
DA:136,0
DA:137,0
DA:138,0
DA:139,0
DA:146,0
DA:157,0
DA:158,0
DA:159,0
DA:161,0
DA:162,0
DA:164,0
DA:165,0
DA:166,0
DA:167,0
DA:169,0
DA:173,0
LF:59
LH:0
BRDA:5,0,0,0
BRDA:5,0,1,0
BRDA:7,1,0,0
BRDA:7,1,1,0
BRDA:20,2,0,0
BRDA:20,2,1,0
BRDA:20,3,0,0
BRDA:20,3,1,0
BRDA:23,4,0,0
BRDA:23,4,1,0
BRDA:26,5,0,0
BRDA:26,5,1,0
BRDA:28,6,0,0
BRDA:28,6,1,0
BRDA:28,7,0,0
BRDA:28,7,1,0
BRDA:39,8,0,0
BRDA:47,9,0,0
BRDA:47,9,1,0
BRDA:51,10,0,0
BRDA:51,10,1,0
BRDA:61,11,0,0
BRDA:62,12,0,0
BRDA:62,12,1,0
BRDA:62,13,0,0
BRDA:62,13,1,0
BRDA:72,14,0,0
BRDA:72,15,0,0
BRDA:79,16,0,0
BRDA:79,16,1,0
BRDA:84,17,0,0
BRDA:84,17,1,0
BRDA:98,18,0,0
BRDA:107,19,0,0
BRDA:108,20,0,0
BRDA:108,20,1,0
BRDA:118,21,0,0
BRDA:119,22,0,0
BRDA:119,22,1,0
BRDA:119,23,0,0
BRDA:119,23,1,0
BRDA:129,24,0,0
BRDA:145,25,0,0
BRDA:158,26,0,0
BRDA:158,26,1,0
BRDA:159,27,0,0
BRDA:159,27,1,0
BRDA:164,28,0,0
BRDA:164,28,1,0
BRDA:166,29,0,0
BRDA:166,29,1,0
BRF:51
BRH:0
end_of_record
